Using pre-set license
Built from '2021.3/staging' branch; Version is '2021.3.22f1 (b6c551784ba3) revision 11978065'; Using compiler version '192829333'; Build Type 'Release'
OS: 'Windows 10  (10.0.21996) 64bit CoreSingleLanguage' Language: 'en' Physical Memory: 8029 MB
BatchMode: 1, IsHumanControllingUs: 0, StartBugReporterOnCrash: 0, Is64bit: 1, IsPro: 1

COMMAND LINE ARGUMENTS:
D:\UnityEditors\2021.3.22f1\Editor\Unity.exe
-adb2
-batchMode
-noUpm
-name
AssetImportWorker6
-projectPath
E:/GameIN/Loreal Project/LorealProject/MiniGame1_LorealProject
-logFile
Logs/AssetImportWorker6.log
-srvPort
55917
Successfully changed project path to: E:/GameIN/Loreal Project/LorealProject/MiniGame1_LorealProject
E:/GameIN/Loreal Project/LorealProject/MiniGame1_LorealProject
[UnityMemory] Configuration Parameters - Can be set up in boot.config
    "memorysetup-bucket-allocator-granularity=16"
    "memorysetup-bucket-allocator-bucket-count=8"
    "memorysetup-bucket-allocator-block-size=33554432"
    "memorysetup-bucket-allocator-block-count=8"
    "memorysetup-main-allocator-block-size=16777216"
    "memorysetup-thread-allocator-block-size=16777216"
    "memorysetup-gfx-main-allocator-block-size=16777216"
    "memorysetup-gfx-thread-allocator-block-size=16777216"
    "memorysetup-cache-allocator-block-size=4194304"
    "memorysetup-typetree-allocator-block-size=2097152"
    "memorysetup-profiler-bucket-allocator-granularity=16"
    "memorysetup-profiler-bucket-allocator-bucket-count=8"
    "memorysetup-profiler-bucket-allocator-block-size=33554432"
    "memorysetup-profiler-bucket-allocator-block-count=8"
    "memorysetup-profiler-allocator-block-size=16777216"
    "memorysetup-profiler-editor-allocator-block-size=1048576"
    "memorysetup-temp-allocator-size-main=16777216"
    "memorysetup-job-temp-allocator-block-size=2097152"
    "memorysetup-job-temp-allocator-block-size-background=1048576"
    "memorysetup-job-temp-allocator-reduction-small-platforms=262144"
    "memorysetup-temp-allocator-size-background-worker=32768"
    "memorysetup-temp-allocator-size-job-worker=262144"
    "memorysetup-temp-allocator-size-preload-manager=33554432"
    "memorysetup-temp-allocator-size-nav-mesh-worker=65536"
    "memorysetup-temp-allocator-size-audio-worker=65536"
    "memorysetup-temp-allocator-size-cloud-worker=32768"
    "memorysetup-temp-allocator-size-gi-baking-worker=262144"
    "memorysetup-temp-allocator-size-gfx=262144"
Player connection [14236] Host "[IP] 172.16.59.127 [Port] 0 [Flags] 2 [Guid] 3223104055 [EditorId] 3223104055 [Version] 1048832 [Id] WindowsEditor(7,DESKTOP-3E37SO4) [Debug] 1 [PackageName] WindowsEditor [ProjectName] Editor" joined multi-casting on [225.0.0.222:54997]...

Player connection [14236] Host "[IP] 172.16.59.127 [Port] 0 [Flags] 2 [Guid] 3223104055 [EditorId] 3223104055 [Version] 1048832 [Id] WindowsEditor(7,DESKTOP-3E37SO4) [Debug] 1 [PackageName] WindowsEditor [ProjectName] Editor" joined alternative multi-casting on [225.0.0.222:34997]...

Refreshing native plugins compatible for Editor in 148.13 ms, found 8 plugins.
Preloading 1 native plugins for Editor in 0.44 ms.
Initialize engine version: 2021.3.22f1 (b6c551784ba3)
[Subsystems] Discovering subsystems at path D:/UnityEditors/2021.3.22f1/Editor/Data/Resources/UnitySubsystems
[Subsystems] Discovering subsystems at path E:/GameIN/Loreal Project/LorealProject/MiniGame1_LorealProject/Assets
GfxDevice: creating device client; threaded=0; jobified=0
Direct3D:
    Version:  Direct3D 11.0 [level 11.1]
    Renderer: NVIDIA GeForce GTX 1650 (ID=0x1f91)
    Vendor:   NVIDIA
    VRAM:     3962 MB
    Driver:   27.21.14.5167
Shader 'Oculus/OVRMRCameraFrameLit': fallback shader 'Alpha-Diffuse' not found
Initialize mono
Mono path[0] = 'D:/UnityEditors/2021.3.22f1/Editor/Data/Managed'
Mono path[1] = 'D:/UnityEditors/2021.3.22f1/Editor/Data/MonoBleedingEdge/lib/mono/unityjit-win32'
Mono config path = 'D:/UnityEditors/2021.3.22f1/Editor/Data/MonoBleedingEdge/etc'
Using monoOptions --debugger-agent=transport=dt_socket,embedding=1,server=y,suspend=n,address=127.0.0.1:56092
Begin MonoManager ReloadAssembly
Registering precompiled unity dll's ...
Register platform support module: D:/UnityEditors/2021.3.22f1/Editor/Data/PlaybackEngines/WebGLSupport/UnityEditor.WebGL.Extensions.dll
Register platform support module: D:/UnityEditors/2021.3.22f1/Editor/Data/PlaybackEngines/AndroidPlayer/UnityEditor.Android.Extensions.dll
Register platform support module: D:/UnityEditors/2021.3.22f1/Editor/Data/PlaybackEngines/iOSSupport/UnityEditor.iOS.Extensions.dll
Register platform support module: D:/UnityEditors/2021.3.22f1/Editor/Data/PlaybackEngines/WindowsStandaloneSupport/UnityEditor.WindowsStandalone.Extensions.dll
Registered in 0.003281 seconds.
Native extension for WindowsStandalone target not found
[usbmuxd] Start listen thread
[usbmuxd] Listen thread started
Native extension for iOS target not found
Native extension for Android target not found
Android Extension - Scanning For ADB Devices 284 ms
Native extension for WebGL target not found
Refreshing native plugins compatible for Editor in 146.44 ms, found 8 plugins.
Preloading 1 native plugins for Editor in 0.05 ms.
Mono: successfully reloaded assembly
- Completed reload, in  1.153 seconds
Domain Reload Profiling:
	ReloadAssembly (1154ms)
		BeginReloadAssembly (83ms)
			ExecutionOrderSort (0ms)
			DisableScriptedObjects (0ms)
			BackupInstance (0ms)
			ReleaseScriptingObjects (0ms)
			CreateAndSetChildDomain (1ms)
		EndReloadAssembly (976ms)
			LoadAssemblies (83ms)
			RebuildTransferFunctionScriptingTraits (0ms)
			SetupTypeCache (165ms)
			ReleaseScriptCaches (0ms)
			RebuildScriptCaches (55ms)
			SetupLoadedEditorAssemblies (679ms)
				LogAssemblyErrors (0ms)
				InitializePlatformSupportModulesInManaged (393ms)
				SetLoadedEditorAssemblies (0ms)
				RefreshPlugins (147ms)
				BeforeProcessingInitializeOnLoad (2ms)
				ProcessInitializeOnLoadAttributes (94ms)
				ProcessInitializeOnLoadMethodAttributes (43ms)
				AfterProcessingInitializeOnLoad (0ms)
				EditorAssembliesLoaded (0ms)
			ExecutionOrderSort2 (0ms)
			AwakeInstancesAfterBackupRestoration (0ms)
Platform modules already initialized, skipping
Registering precompiled user dll's ...
Registered in 0.004230 seconds.
Begin MonoManager ReloadAssembly
Symbol file LoadedFromMemory doesn't match image E:\GameIN\Loreal Project\LorealProject\MiniGame1_LorealProject\Library\PackageCache\com.unity.visualscripting@1.8.0\Editor\VisualScripting.Core\Dependencies\DotNetZip\Unity.VisualScripting.IonicZip.dll
Symbol file LoadedFromMemory doesn't match image E:\GameIN\Loreal Project\LorealProject\MiniGame1_LorealProject\Library\PackageCache\com.unity.visualscripting@1.8.0\Editor\VisualScripting.Core\Dependencies\YamlDotNet\Unity.VisualScripting.YamlDotNet.dll
Native extension for WindowsStandalone target not found
Native extension for iOS target not found
Native extension for Android target not found
Native extension for WebGL target not found
Refreshing native plugins compatible for Editor in 1.25 ms, found 8 plugins.
Preloading 1 native plugins for Editor in 0.04 ms.
Package Manager log level set to [2]
[XR] OculusXRPlugin: registering subsystems
[XR] Unable to register display lifecyle provider: [1]
[XR] Oculus Input lifecycle provider registered.
[XR] Unable to register input lifecyle provider: [1]
[XR] OVRP version 1.87.0
Mono: successfully reloaded assembly
- Completed reload, in  1.389 seconds
Domain Reload Profiling:
	ReloadAssembly (1390ms)
		BeginReloadAssembly (117ms)
			ExecutionOrderSort (0ms)
			DisableScriptedObjects (6ms)
			BackupInstance (0ms)
			ReleaseScriptingObjects (0ms)
			CreateAndSetChildDomain (21ms)
		EndReloadAssembly (1141ms)
			LoadAssemblies (108ms)
			RebuildTransferFunctionScriptingTraits (0ms)
			SetupTypeCache (350ms)
			ReleaseScriptCaches (2ms)
			RebuildScriptCaches (105ms)
			SetupLoadedEditorAssemblies (527ms)
				LogAssemblyErrors (0ms)
				InitializePlatformSupportModulesInManaged (28ms)
				SetLoadedEditorAssemblies (0ms)
				RefreshPlugins (1ms)
				BeforeProcessingInitializeOnLoad (149ms)
				ProcessInitializeOnLoadAttributes (288ms)
				ProcessInitializeOnLoadMethodAttributes (58ms)
				AfterProcessingInitializeOnLoad (3ms)
				EditorAssembliesLoaded (0ms)
			ExecutionOrderSort2 (0ms)
			AwakeInstancesAfterBackupRestoration (6ms)
Platform modules already initialized, skipping
========================================================================
Worker process is ready to serve import requests
Shader 'Oculus/OVRMRCameraFrameLit': fallback shader 'Alpha-Diffuse' not found
Launched and connected shader compiler UnityShaderCompiler.exe after 0.36 seconds
Refreshing native plugins compatible for Editor in 1.67 ms, found 8 plugins.
Preloading 1 native plugins for Editor in 0.04 ms.
Unloading 5007 Unused Serialized files (Serialized files now loaded: 0)
Unloading 56 unused Assets / (121.6 KB). Loaded Objects now: 5450.
Memory consumption went from 183.4 MB to 183.2 MB.
Total: 4.932900 ms (FindLiveObjects: 0.610800 ms CreateObjectMapping: 0.414900 ms MarkObjects: 3.714200 ms  DeleteObjects: 0.191600 ms)

AssetImportParameters requested are different than current active one (requested -> active):
  custom:video-decoder-ogg-theora: a1e56fd34408186e4bbccfd4996cb3dc -> 
  custom:container-muxer-webm: aa71ff27fc2769a1b78a27578f13a17b -> 
  custom:container-demuxer-webm: 4f35f7cbe854078d1ac9338744f61a02 -> 
  custom:video-encoder-webm-vp8: eb34c28f22e8b96e1ab97ce403110664 -> 
  custom:audio-encoder-webm-vorbis: bf7c407c2cedff20999df2af8eb42d56 -> 
  custom:framework-win-MediaFoundation: 216162199b28c13a410421893ffa2e32 -> 
  custom:container-demuxer-ogg: 62fdf1f143b41e24485cea50d1cbac27 -> 
  custom:video-decoder-webm-vp8: 9c59270c3fd7afecdb556c50c9e8de78 -> 
  custom:audio-decoder-ogg-vorbis: bf7c407c2cedff20999df2af8eb42d56 -> 
========================================================================
Received Import Request.
  Time since last request: 611720.676198 seconds.
  path: Assets/3D models
  artifactKey: Guid(76ee954c99fb14649bfa0670cf52e238) Importer(815301076,1909f56bfc062723c751e8b465ee728b)
Start importing Assets/3D models using Guid(76ee954c99fb14649bfa0670cf52e238) Importer(815301076,1909f56bfc062723c751e8b465ee728b)  -> (artifact id: '8c837be174d637525738c90a8e2a9749') in 0.037888 seconds 
========================================================================
Received Import Request.
  Time since last request: 3376.971695 seconds.
  path: Assets/Prefabs
  artifactKey: Guid(3555b9e1fb65e034f8409a65029f375b) Importer(815301076,1909f56bfc062723c751e8b465ee728b)
Start importing Assets/Prefabs using Guid(3555b9e1fb65e034f8409a65029f375b) Importer(815301076,1909f56bfc062723c751e8b465ee728b)  -> (artifact id: 'd9db14af14a36d2d9af5a786f5e30f5a') in 0.011035 seconds 
========================================================================
Received Import Request.
  Time since last request: 10.686930 seconds.
  path: Assets/Prefabs/Capital Letters
  artifactKey: Guid(5b9641c502f36f8488f93e5f9556e31c) Importer(815301076,1909f56bfc062723c751e8b465ee728b)
Start importing Assets/Prefabs/Capital Letters using Guid(5b9641c502f36f8488f93e5f9556e31c) Importer(815301076,1909f56bfc062723c751e8b465ee728b)  -> (artifact id: '3c04461d6d68299bf0c17f19eba3af77') in 0.011883 seconds 
========================================================================
Received Import Request.
  Time since last request: 7.407714 seconds.
  path: Assets/Prefabs/Small Letters
  artifactKey: Guid(96f5c01dfded8b145bdb289cb27045ef) Importer(815301076,1909f56bfc062723c751e8b465ee728b)
Start importing Assets/Prefabs/Small Letters using Guid(96f5c01dfded8b145bdb289cb27045ef) Importer(815301076,1909f56bfc062723c751e8b465ee728b)  -> (artifact id: 'a8b8f495a1a1c6b5a83ab1b9575331c4') in 0.014940 seconds 
========================================================================
Received Import Request.
  Time since last request: 9.373496 seconds.
  path: Assets/Prefabs/Numbers and Symbols
  artifactKey: Guid(32da03bcb5fc4f945bb30368c22820c9) Importer(815301076,1909f56bfc062723c751e8b465ee728b)
Start importing Assets/Prefabs/Numbers and Symbols using Guid(32da03bcb5fc4f945bb30368c22820c9) Importer(815301076,1909f56bfc062723c751e8b465ee728b)  -> (artifact id: '5d64af270e0bd56ac23a5777575cb70c') in 0.014216 seconds 
========================================================================
Received Import Request.
  Time since last request: 5.177780 seconds.
  path: Assets/Prefabs/Capital Letters/A.prefab
  artifactKey: Guid(c30db1165e383024ca004b69d4a5954a) Importer(815301076,1909f56bfc062723c751e8b465ee728b)
Start importing Assets/Prefabs/Capital Letters/A.prefab using Guid(c30db1165e383024ca004b69d4a5954a) Importer(815301076,1909f56bfc062723c751e8b465ee728b)  -> (artifact id: '2980396cf43bc47100c0b9ff3f46ecd3') in 0.170152 seconds 
========================================================================
Received Import Request.
  Time since last request: 3.556233 seconds.
  path: Assets/Prefabs/Capital Letters/B.prefab
  artifactKey: Guid(2709b7acbcfc3504395dca068b4c3373) Importer(815301076,1909f56bfc062723c751e8b465ee728b)
Start importing Assets/Prefabs/Capital Letters/B.prefab using Guid(2709b7acbcfc3504395dca068b4c3373) Importer(815301076,1909f56bfc062723c751e8b465ee728b)  -> (artifact id: '83a45b659900e61efde1d559a55a83b5') in 0.040204 seconds 
========================================================================
Received Import Request.
  Time since last request: 2.308523 seconds.
  path: Assets/Prefabs/Capital Letters/C.prefab
  artifactKey: Guid(c6ae8c5f97b99054b871f7a2655262d3) Importer(815301076,1909f56bfc062723c751e8b465ee728b)
Start importing Assets/Prefabs/Capital Letters/C.prefab using Guid(c6ae8c5f97b99054b871f7a2655262d3) Importer(815301076,1909f56bfc062723c751e8b465ee728b)  -> (artifact id: '8fe8f923d1947577a7577eddf955ee14') in 0.764602 seconds 
========================================================================
Received Import Request.
  Time since last request: 1.764267 seconds.
  path: Assets/Prefabs/Capital Letters/D.prefab
  artifactKey: Guid(8ddb495387bbe054ebc409103a15a40c) Importer(815301076,1909f56bfc062723c751e8b465ee728b)
Start importing Assets/Prefabs/Capital Letters/D.prefab using Guid(8ddb495387bbe054ebc409103a15a40c) Importer(815301076,1909f56bfc062723c751e8b465ee728b)  -> (artifact id: '3afa9b1f8a71eecb71a0c4370c1fb85a') in 0.029041 seconds 
========================================================================
Received Import Request.
  Time since last request: 2.476652 seconds.
  path: Assets/Prefabs/Capital Letters/E.prefab
  artifactKey: Guid(f0462e0a71855a44e959f99bde4ae266) Importer(815301076,1909f56bfc062723c751e8b465ee728b)
Start importing Assets/Prefabs/Capital Letters/E.prefab using Guid(f0462e0a71855a44e959f99bde4ae266) Importer(815301076,1909f56bfc062723c751e8b465ee728b)  -> (artifact id: 'd7c3464c2e9c52214c83c6e4b2679889') in 0.050908 seconds 
========================================================================
Received Import Request.
  Time since last request: 2.287229 seconds.
  path: Assets/Prefabs/Capital Letters/F.prefab
  artifactKey: Guid(3a7624139b6dc7e4e9ce4e4de182b672) Importer(815301076,1909f56bfc062723c751e8b465ee728b)
Start importing Assets/Prefabs/Capital Letters/F.prefab using Guid(3a7624139b6dc7e4e9ce4e4de182b672) Importer(815301076,1909f56bfc062723c751e8b465ee728b)  -> (artifact id: 'ef6082ab784e2d2ebaa8b4cc227fb75b') in 0.029112 seconds 
========================================================================
Received Import Request.
  Time since last request: 2.884361 seconds.
  path: Assets/Prefabs/Capital Letters/G.prefab
  artifactKey: Guid(1241a99abc7ffd2458fdc239e64cb917) Importer(815301076,1909f56bfc062723c751e8b465ee728b)
Start importing Assets/Prefabs/Capital Letters/G.prefab using Guid(1241a99abc7ffd2458fdc239e64cb917) Importer(815301076,1909f56bfc062723c751e8b465ee728b)  -> (artifact id: '93838f80cf56a9c349f14aedf5658c86') in 0.029655 seconds 
========================================================================
Received Import Request.
  Time since last request: 2.116049 seconds.
  path: Assets/Prefabs/Capital Letters/H.prefab
  artifactKey: Guid(df35a8a18b718a44ba1162d950c827d9) Importer(815301076,1909f56bfc062723c751e8b465ee728b)
Start importing Assets/Prefabs/Capital Letters/H.prefab using Guid(df35a8a18b718a44ba1162d950c827d9) Importer(815301076,1909f56bfc062723c751e8b465ee728b)  -> (artifact id: '6727d325b284e3dbd732861cd0f7bfdf') in 0.031859 seconds 
========================================================================
Received Import Request.
  Time since last request: 3.822632 seconds.
  path: Assets/Prefabs/Capital Letters/I.prefab
  artifactKey: Guid(a2d4ac87f32a6df42a8b20049553176f) Importer(815301076,1909f56bfc062723c751e8b465ee728b)
Start importing Assets/Prefabs/Capital Letters/I.prefab using Guid(a2d4ac87f32a6df42a8b20049553176f) Importer(815301076,1909f56bfc062723c751e8b465ee728b)  -> (artifact id: '3658ea0ab6379036c24f86eea58f8258') in 0.257378 seconds 
========================================================================
Received Import Request.
  Time since last request: 2.823352 seconds.
  path: Assets/Prefabs/Capital Letters/J.prefab
  artifactKey: Guid(21f8427ceb3516047930e85c37b6210a) Importer(815301076,1909f56bfc062723c751e8b465ee728b)
Start importing Assets/Prefabs/Capital Letters/J.prefab using Guid(21f8427ceb3516047930e85c37b6210a) Importer(815301076,1909f56bfc062723c751e8b465ee728b)  -> (artifact id: '377cd350910b6d9becbb90e652c390d7') in 0.034550 seconds 
========================================================================
Received Import Request.
  Time since last request: 2.375003 seconds.
  path: Assets/Prefabs/Capital Letters/K.prefab
  artifactKey: Guid(3719adb2777f43e428f4a7dbf77042aa) Importer(815301076,1909f56bfc062723c751e8b465ee728b)
Start importing Assets/Prefabs/Capital Letters/K.prefab using Guid(3719adb2777f43e428f4a7dbf77042aa) Importer(815301076,1909f56bfc062723c751e8b465ee728b)  -> (artifact id: 'acc13cd7ee9f17ddd5d703f96605d14d') in 0.454386 seconds 
========================================================================
Received Import Request.
  Time since last request: 3.336458 seconds.
  path: Assets/Prefabs/Capital Letters/L.prefab
  artifactKey: Guid(ad55a8dbf3613eb4ba26e6e10bce42c8) Importer(815301076,1909f56bfc062723c751e8b465ee728b)
Start importing Assets/Prefabs/Capital Letters/L.prefab using Guid(ad55a8dbf3613eb4ba26e6e10bce42c8) Importer(815301076,1909f56bfc062723c751e8b465ee728b)  -> (artifact id: '9fc53f30818282b07980797f6082e65d') in 0.031665 seconds 
========================================================================
Received Import Request.
  Time since last request: 3.786095 seconds.
  path: Assets/Prefabs/Capital Letters/M.prefab
  artifactKey: Guid(7aad65e1db474044eae8969e409db37e) Importer(815301076,1909f56bfc062723c751e8b465ee728b)
Start importing Assets/Prefabs/Capital Letters/M.prefab using Guid(7aad65e1db474044eae8969e409db37e) Importer(815301076,1909f56bfc062723c751e8b465ee728b)  -> (artifact id: '4bdef9a8c853ccfcbbf68ba61e56c95c') in 0.392078 seconds 
========================================================================
Received Import Request.
  Time since last request: 3.071158 seconds.
  path: Assets/Prefabs/Capital Letters/N.prefab
  artifactKey: Guid(9f5c53c12b28f52429b57777c79173cb) Importer(815301076,1909f56bfc062723c751e8b465ee728b)
Start importing Assets/Prefabs/Capital Letters/N.prefab using Guid(9f5c53c12b28f52429b57777c79173cb) Importer(815301076,1909f56bfc062723c751e8b465ee728b)  -> (artifact id: '3e059458e8f2f5ccca8d8c181fd7d5b8') in 0.031193 seconds 
========================================================================
Received Import Request.
  Time since last request: 2.950453 seconds.
  path: Assets/Prefabs/Capital Letters/O.prefab
  artifactKey: Guid(7781773fe08195c42af331e5a6cf3e29) Importer(815301076,1909f56bfc062723c751e8b465ee728b)
Start importing Assets/Prefabs/Capital Letters/O.prefab using Guid(7781773fe08195c42af331e5a6cf3e29) Importer(815301076,1909f56bfc062723c751e8b465ee728b)  -> (artifact id: '05aac998c6ec392a576d2e6ed5dde9e9') in 0.639885 seconds 
========================================================================
Received Import Request.
  Time since last request: 2.610844 seconds.
  path: Assets/Prefabs/Capital Letters/P.prefab
  artifactKey: Guid(afc16764008895b40b6282f1119ba980) Importer(815301076,1909f56bfc062723c751e8b465ee728b)
Start importing Assets/Prefabs/Capital Letters/P.prefab using Guid(afc16764008895b40b6282f1119ba980) Importer(815301076,1909f56bfc062723c751e8b465ee728b)  -> (artifact id: '0361bdbaf685c1cd273d8233c452e621') in 0.524227 seconds 
========================================================================
Received Import Request.
  Time since last request: 2.430091 seconds.
  path: Assets/Prefabs/Capital Letters/Q.prefab
  artifactKey: Guid(7f1b97d6f7b48e343bbdc5f2bc107777) Importer(815301076,1909f56bfc062723c751e8b465ee728b)
Start importing Assets/Prefabs/Capital Letters/Q.prefab using Guid(7f1b97d6f7b48e343bbdc5f2bc107777) Importer(815301076,1909f56bfc062723c751e8b465ee728b)  -> (artifact id: '46869fd4a606b8f20ed50568db567b97') in 0.269004 seconds 
========================================================================
Received Import Request.
  Time since last request: 3.452444 seconds.
  path: Assets/Prefabs/Capital Letters/R.prefab
  artifactKey: Guid(d67b0da56265b8344b51f319fb6df020) Importer(815301076,1909f56bfc062723c751e8b465ee728b)
Start importing Assets/Prefabs/Capital Letters/R.prefab using Guid(d67b0da56265b8344b51f319fb6df020) Importer(815301076,1909f56bfc062723c751e8b465ee728b)  -> (artifact id: '29b4392763d2a7ecd395b9327a9e5287') in 0.030433 seconds 
========================================================================
Received Import Request.
  Time since last request: 3.186762 seconds.
  path: Assets/Prefabs/Capital Letters/S.prefab
  artifactKey: Guid(937918ab9b964aa4e846f0b6d21b5a16) Importer(815301076,1909f56bfc062723c751e8b465ee728b)
Start importing Assets/Prefabs/Capital Letters/S.prefab using Guid(937918ab9b964aa4e846f0b6d21b5a16) Importer(815301076,1909f56bfc062723c751e8b465ee728b)  -> (artifact id: 'fbc02877cf9d8f26edfe9e5259e6b8b3') in 0.048420 seconds 
========================================================================
Received Import Request.
  Time since last request: 5.296956 seconds.
  path: Assets/Prefabs/Capital Letters/T.prefab
  artifactKey: Guid(9f7f4cac32df9934295af626fed676d2) Importer(815301076,1909f56bfc062723c751e8b465ee728b)
Start importing Assets/Prefabs/Capital Letters/T.prefab using Guid(9f7f4cac32df9934295af626fed676d2) Importer(815301076,1909f56bfc062723c751e8b465ee728b)  -> (artifact id: 'f32aad145e4276fa18f6228a7e95c3a1') in 0.840286 seconds 
========================================================================
Received Import Request.
  Time since last request: 3.718529 seconds.
  path: Assets/Prefabs/Capital Letters/U.prefab
  artifactKey: Guid(f8fd691dfda434541bc283082d6df1ef) Importer(815301076,1909f56bfc062723c751e8b465ee728b)
Start importing Assets/Prefabs/Capital Letters/U.prefab using Guid(f8fd691dfda434541bc283082d6df1ef) Importer(815301076,1909f56bfc062723c751e8b465ee728b)  -> (artifact id: '5714fb62b6a82625ebb89703655b0e74') in 0.030755 seconds 
========================================================================
Received Import Request.
  Time since last request: 3.322219 seconds.
  path: Assets/Prefabs/Capital Letters/V.prefab
  artifactKey: Guid(efd3dffb1ca7fd2458f554104ac6713c) Importer(815301076,1909f56bfc062723c751e8b465ee728b)
Start importing Assets/Prefabs/Capital Letters/V.prefab using Guid(efd3dffb1ca7fd2458f554104ac6713c) Importer(815301076,1909f56bfc062723c751e8b465ee728b)  -> (artifact id: '6c08c60187cbc9d46926d8b383022943') in 1.342489 seconds 
========================================================================
Received Import Request.
  Time since last request: 2.112385 seconds.
  path: Assets/Prefabs/Capital Letters/W.prefab
  artifactKey: Guid(2f0227ec3b3ab4a4a93a9fa37ffdcf7b) Importer(815301076,1909f56bfc062723c751e8b465ee728b)
Start importing Assets/Prefabs/Capital Letters/W.prefab using Guid(2f0227ec3b3ab4a4a93a9fa37ffdcf7b) Importer(815301076,1909f56bfc062723c751e8b465ee728b)  -> (artifact id: '7965fba9012ef0e7dca582ca4485b68e') in 0.031181 seconds 
========================================================================
Received Import Request.
  Time since last request: 2.576610 seconds.
  path: Assets/Prefabs/Capital Letters/X.prefab
  artifactKey: Guid(0db227bd8d69d9c43905451fa2a7bc89) Importer(815301076,1909f56bfc062723c751e8b465ee728b)
Start importing Assets/Prefabs/Capital Letters/X.prefab using Guid(0db227bd8d69d9c43905451fa2a7bc89) Importer(815301076,1909f56bfc062723c751e8b465ee728b)  -> (artifact id: '94bacfd043c90b99792d7291c429d189') in 0.029745 seconds 
========================================================================
Received Import Request.
  Time since last request: 3.254807 seconds.
  path: Assets/Prefabs/Capital Letters/Y.prefab
  artifactKey: Guid(71ca4c468a08f874b8e9a9b76c8882fe) Importer(815301076,1909f56bfc062723c751e8b465ee728b)
Start importing Assets/Prefabs/Capital Letters/Y.prefab using Guid(71ca4c468a08f874b8e9a9b76c8882fe) Importer(815301076,1909f56bfc062723c751e8b465ee728b)  -> (artifact id: 'b67a73a8317fe87de50bb05675faa877') in 0.029899 seconds 
========================================================================
Received Import Request.
  Time since last request: 4.022646 seconds.
  path: Assets/Prefabs/Capital Letters/Z.prefab
  artifactKey: Guid(ec647d742dc8cd641a79d7ebc4766568) Importer(815301076,1909f56bfc062723c751e8b465ee728b)
Start importing Assets/Prefabs/Capital Letters/Z.prefab using Guid(ec647d742dc8cd641a79d7ebc4766568) Importer(815301076,1909f56bfc062723c751e8b465ee728b)  -> (artifact id: '57e5a842412040244502317b9c3f0b4f') in 0.033760 seconds 
========================================================================
Received Import Request.
  Time since last request: 81.105029 seconds.
  path: Assets/Prefabs/Small Letters/a.prefab
  artifactKey: Guid(6a891eb0df2ecac4db072a544a59a01b) Importer(815301076,1909f56bfc062723c751e8b465ee728b)
Start importing Assets/Prefabs/Small Letters/a.prefab using Guid(6a891eb0df2ecac4db072a544a59a01b) Importer(815301076,1909f56bfc062723c751e8b465ee728b)  -> (artifact id: '284ae84c94965f157266df4beebd8c95') in 0.101185 seconds 
========================================================================
Received Import Request.
  Time since last request: 3.815743 seconds.
  path: Assets/Prefabs/Small Letters/b.prefab
  artifactKey: Guid(0d412ebeb98764647abb61ef31af737b) Importer(815301076,1909f56bfc062723c751e8b465ee728b)
Start importing Assets/Prefabs/Small Letters/b.prefab using Guid(0d412ebeb98764647abb61ef31af737b) Importer(815301076,1909f56bfc062723c751e8b465ee728b)  -> (artifact id: 'db29dd5c7c21e4b9265db0cd72ba37e0') in 0.030965 seconds 
========================================================================
Received Import Request.
  Time since last request: 2.084209 seconds.
  path: Assets/Prefabs/Small Letters/c.prefab
  artifactKey: Guid(8ca05625b51c39442a56420dafbddaf2) Importer(815301076,1909f56bfc062723c751e8b465ee728b)
Start importing Assets/Prefabs/Small Letters/c.prefab using Guid(8ca05625b51c39442a56420dafbddaf2) Importer(815301076,1909f56bfc062723c751e8b465ee728b)  -> (artifact id: 'f3e776c5a845de66a5333d890a536216') in 0.275407 seconds 
========================================================================
Received Import Request.
  Time since last request: 2.711567 seconds.
  path: Assets/Prefabs/Small Letters/d.prefab
  artifactKey: Guid(54a5cb52b5b146a439bda5406d5695e6) Importer(815301076,1909f56bfc062723c751e8b465ee728b)
Start importing Assets/Prefabs/Small Letters/d.prefab using Guid(54a5cb52b5b146a439bda5406d5695e6) Importer(815301076,1909f56bfc062723c751e8b465ee728b)  -> (artifact id: '1e102fe9f7493615b99a0774eada95dd') in 0.044781 seconds 
========================================================================
Received Import Request.
  Time since last request: 3.739046 seconds.
  path: Assets/Prefabs/Small Letters/e.prefab
  artifactKey: Guid(68ab614ba7c724f478c3f2a3372f722d) Importer(815301076,1909f56bfc062723c751e8b465ee728b)
Start importing Assets/Prefabs/Small Letters/e.prefab using Guid(68ab614ba7c724f478c3f2a3372f722d) Importer(815301076,1909f56bfc062723c751e8b465ee728b)  -> (artifact id: '0f3675944a129c0ec3d771ebb0f012c0') in 0.028165 seconds 
========================================================================
Received Import Request.
  Time since last request: 3.987131 seconds.
  path: Assets/Prefabs/Small Letters/f.prefab
  artifactKey: Guid(db770c2f71867bc45baa836b0ddfddde) Importer(815301076,1909f56bfc062723c751e8b465ee728b)
Start importing Assets/Prefabs/Small Letters/f.prefab using Guid(db770c2f71867bc45baa836b0ddfddde) Importer(815301076,1909f56bfc062723c751e8b465ee728b)  -> (artifact id: '98d743f64dad35f681828b4606caee85') in 0.032406 seconds 
========================================================================
Received Import Request.
  Time since last request: 16.024661 seconds.
  path: Assets/Prefabs/Small Letters/g.prefab
  artifactKey: Guid(b1b1dda0705e0d24fac4ef2af8d34fa5) Importer(815301076,1909f56bfc062723c751e8b465ee728b)
Start importing Assets/Prefabs/Small Letters/g.prefab using Guid(b1b1dda0705e0d24fac4ef2af8d34fa5) Importer(815301076,1909f56bfc062723c751e8b465ee728b)  -> (artifact id: 'aaa74feafa25c77616d51817e4cb69ea') in 0.027701 seconds 
========================================================================
Received Import Request.
  Time since last request: 4.439355 seconds.
  path: Assets/Prefabs/Small Letters/h.prefab
  artifactKey: Guid(a6f94d3fc45d97346847f0beb162a019) Importer(815301076,1909f56bfc062723c751e8b465ee728b)
Start importing Assets/Prefabs/Small Letters/h.prefab using Guid(a6f94d3fc45d97346847f0beb162a019) Importer(815301076,1909f56bfc062723c751e8b465ee728b)  -> (artifact id: 'cd57924aef7312ac3c3ae44a6cae9544') in 0.085816 seconds 
========================================================================
Received Import Request.
  Time since last request: 2.974941 seconds.
  path: Assets/Prefabs/Small Letters/i.prefab
  artifactKey: Guid(2a46125edb304f24d93e4f5f98c57bdd) Importer(815301076,1909f56bfc062723c751e8b465ee728b)
Start importing Assets/Prefabs/Small Letters/i.prefab using Guid(2a46125edb304f24d93e4f5f98c57bdd) Importer(815301076,1909f56bfc062723c751e8b465ee728b)  -> (artifact id: '9e4f4eeb2f25f82c2273ff8008005d09') in 0.028279 seconds 
========================================================================
Received Import Request.
  Time since last request: 3.264858 seconds.
  path: Assets/Prefabs/Small Letters/j.prefab
  artifactKey: Guid(67a2113f5935edf49a5aed7d4a96c5d4) Importer(815301076,1909f56bfc062723c751e8b465ee728b)
Start importing Assets/Prefabs/Small Letters/j.prefab using Guid(67a2113f5935edf49a5aed7d4a96c5d4) Importer(815301076,1909f56bfc062723c751e8b465ee728b)  -> (artifact id: 'b9c8f92822125ac5c441265b12581837') in 0.031731 seconds 
========================================================================
Received Import Request.
  Time since last request: 3.678805 seconds.
  path: Assets/Prefabs/Small Letters/k.prefab
  artifactKey: Guid(09dd8e77a7f420043a571b0d4005f6f8) Importer(815301076,1909f56bfc062723c751e8b465ee728b)
Start importing Assets/Prefabs/Small Letters/k.prefab using Guid(09dd8e77a7f420043a571b0d4005f6f8) Importer(815301076,1909f56bfc062723c751e8b465ee728b)  -> (artifact id: '87666035c65812d4b23a5cbf38b185a6') in 0.290798 seconds 
========================================================================
Received Import Request.
  Time since last request: 4.466429 seconds.
  path: Assets/Prefabs/Small Letters/l.prefab
  artifactKey: Guid(c333119df6219a344be2d579d9571611) Importer(815301076,1909f56bfc062723c751e8b465ee728b)
Start importing Assets/Prefabs/Small Letters/l.prefab using Guid(c333119df6219a344be2d579d9571611) Importer(815301076,1909f56bfc062723c751e8b465ee728b)  -> (artifact id: 'cbcd13cf027629223a5ac701971a8576') in 0.031311 seconds 
========================================================================
Received Import Request.
  Time since last request: 4.380738 seconds.
  path: Assets/Prefabs/Small Letters/m.prefab
  artifactKey: Guid(3673801983f0e424ebd0d124cf7c1c82) Importer(815301076,1909f56bfc062723c751e8b465ee728b)
Start importing Assets/Prefabs/Small Letters/m.prefab using Guid(3673801983f0e424ebd0d124cf7c1c82) Importer(815301076,1909f56bfc062723c751e8b465ee728b)  -> (artifact id: '490776581050e15328ae641a464e9998') in 0.028748 seconds 
========================================================================
Received Import Request.
  Time since last request: 2.783478 seconds.
  path: Assets/Prefabs/Small Letters/n.prefab
  artifactKey: Guid(8e2cd36619731df4b92145f561322ba3) Importer(815301076,1909f56bfc062723c751e8b465ee728b)
Start importing Assets/Prefabs/Small Letters/n.prefab using Guid(8e2cd36619731df4b92145f561322ba3) Importer(815301076,1909f56bfc062723c751e8b465ee728b)  -> (artifact id: 'a7cc04ec42ef1fe9f2cd47081cf8fc9b') in 0.029461 seconds 
========================================================================
Received Import Request.
  Time since last request: 372.664346 seconds.
  path: Assets/Prefabs/Small Letters/o.prefab
  artifactKey: Guid(7ecceeb8b7778c449a5af8d9ad0894f0) Importer(815301076,1909f56bfc062723c751e8b465ee728b)
Start importing Assets/Prefabs/Small Letters/o.prefab using Guid(7ecceeb8b7778c449a5af8d9ad0894f0) Importer(815301076,1909f56bfc062723c751e8b465ee728b)  -> (artifact id: '59181f3783e0bfbae6d583a55e764f36') in 0.041818 seconds 
========================================================================
Received Import Request.
  Time since last request: 3.496985 seconds.
  path: Assets/Prefabs/Small Letters/p.prefab
  artifactKey: Guid(a65a604083dcdf049b54629aff9788be) Importer(815301076,1909f56bfc062723c751e8b465ee728b)
Start importing Assets/Prefabs/Small Letters/p.prefab using Guid(a65a604083dcdf049b54629aff9788be) Importer(815301076,1909f56bfc062723c751e8b465ee728b)  -> (artifact id: '48b6717eb86624885354cb0e159ed75c') in 0.038062 seconds 
========================================================================
Received Import Request.
  Time since last request: 3.983402 seconds.
  path: Assets/Prefabs/Small Letters/q.prefab
  artifactKey: Guid(73c461637aed9c84ba4b84cc69aadada) Importer(815301076,1909f56bfc062723c751e8b465ee728b)
Start importing Assets/Prefabs/Small Letters/q.prefab using Guid(73c461637aed9c84ba4b84cc69aadada) Importer(815301076,1909f56bfc062723c751e8b465ee728b)  -> (artifact id: 'fa3425feece7d7fc927c462802f8c016') in 0.034466 seconds 
========================================================================
Received Import Request.
  Time since last request: 2.972600 seconds.
  path: Assets/Prefabs/Small Letters/r.prefab
  artifactKey: Guid(fba87af42fff9634a85f7c59a9a65aa7) Importer(815301076,1909f56bfc062723c751e8b465ee728b)
Start importing Assets/Prefabs/Small Letters/r.prefab using Guid(fba87af42fff9634a85f7c59a9a65aa7) Importer(815301076,1909f56bfc062723c751e8b465ee728b)  -> (artifact id: '8c9373d51712c53ea247ec28f4e84ddd') in 0.032550 seconds 
========================================================================
Received Import Request.
  Time since last request: 2.819111 seconds.
  path: Assets/Prefabs/Small Letters/s.prefab
  artifactKey: Guid(4b3ed6a74e0bcec4d8fe1592eb994c15) Importer(815301076,1909f56bfc062723c751e8b465ee728b)
Start importing Assets/Prefabs/Small Letters/s.prefab using Guid(4b3ed6a74e0bcec4d8fe1592eb994c15) Importer(815301076,1909f56bfc062723c751e8b465ee728b)  -> (artifact id: 'b55425e87e46ae9b743beded9645f947') in 0.037176 seconds 
========================================================================
Received Import Request.
  Time since last request: 4.165166 seconds.
  path: Assets/Prefabs/Small Letters/t.prefab
  artifactKey: Guid(c3cb31e4d1fb5c0418e25eaf882b5138) Importer(815301076,1909f56bfc062723c751e8b465ee728b)
Start importing Assets/Prefabs/Small Letters/t.prefab using Guid(c3cb31e4d1fb5c0418e25eaf882b5138) Importer(815301076,1909f56bfc062723c751e8b465ee728b)  -> (artifact id: 'd4c8bd196523c90721c86fc9490bcb32') in 0.056702 seconds 
========================================================================
Received Import Request.
  Time since last request: 3.624274 seconds.
  path: Assets/Prefabs/Small Letters/u.prefab
  artifactKey: Guid(6278aa59c17481e4caedb3b2b0e7c18a) Importer(815301076,1909f56bfc062723c751e8b465ee728b)
Start importing Assets/Prefabs/Small Letters/u.prefab using Guid(6278aa59c17481e4caedb3b2b0e7c18a) Importer(815301076,1909f56bfc062723c751e8b465ee728b)  -> (artifact id: '5091948fcf041a41858d5172093695d5') in 0.271935 seconds 
========================================================================
Received Import Request.
  Time since last request: 2.583231 seconds.
  path: Assets/Prefabs/Small Letters/v.prefab
  artifactKey: Guid(45eebcaa0a8bede4985b6dc10b1f9ae3) Importer(815301076,1909f56bfc062723c751e8b465ee728b)
Start importing Assets/Prefabs/Small Letters/v.prefab using Guid(45eebcaa0a8bede4985b6dc10b1f9ae3) Importer(815301076,1909f56bfc062723c751e8b465ee728b)  -> (artifact id: 'f7021ab206fc4452ec4dd6a178d09dad') in 0.029612 seconds 
========================================================================
Received Import Request.
  Time since last request: 2.816899 seconds.
  path: Assets/Prefabs/Small Letters/w.prefab
  artifactKey: Guid(c3d5fd2d6e87f1a4bba3b1d6d52eec88) Importer(815301076,1909f56bfc062723c751e8b465ee728b)
Start importing Assets/Prefabs/Small Letters/w.prefab using Guid(c3d5fd2d6e87f1a4bba3b1d6d52eec88) Importer(815301076,1909f56bfc062723c751e8b465ee728b)  -> (artifact id: '20bd2063996dfb416d17ac8eca78b346') in 0.032486 seconds 
========================================================================
Received Import Request.
  Time since last request: 3.087571 seconds.
  path: Assets/Prefabs/Small Letters/x.prefab
  artifactKey: Guid(771988a3e0ec61343ab9950466023dd0) Importer(815301076,1909f56bfc062723c751e8b465ee728b)
Start importing Assets/Prefabs/Small Letters/x.prefab using Guid(771988a3e0ec61343ab9950466023dd0) Importer(815301076,1909f56bfc062723c751e8b465ee728b)  -> (artifact id: 'a28227f6cd18cbc000400688e0470c46') in 0.033380 seconds 
========================================================================
Received Import Request.
  Time since last request: 2.570035 seconds.
  path: Assets/Prefabs/Small Letters/y.prefab
  artifactKey: Guid(b3620641d02cd4c469561e9e13b18b49) Importer(815301076,1909f56bfc062723c751e8b465ee728b)
Start importing Assets/Prefabs/Small Letters/y.prefab using Guid(b3620641d02cd4c469561e9e13b18b49) Importer(815301076,1909f56bfc062723c751e8b465ee728b)  -> (artifact id: '8b565b5492f70d3a620fc35a0ee8abab') in 0.367631 seconds 
========================================================================
Received Import Request.
  Time since last request: 2.186639 seconds.
  path: Assets/Prefabs/Small Letters/z.prefab
  artifactKey: Guid(90f26c95c3fb1624ca6735a5fce3e472) Importer(815301076,1909f56bfc062723c751e8b465ee728b)
Start importing Assets/Prefabs/Small Letters/z.prefab using Guid(90f26c95c3fb1624ca6735a5fce3e472) Importer(815301076,1909f56bfc062723c751e8b465ee728b)  -> (artifact id: 'e5de98769be34b879f479f6997ec71a1') in 0.030453 seconds 
========================================================================
Received Import Request.
  Time since last request: 3.150339 seconds.
  path: Assets/Prefabs/Numbers and Symbols/zero.prefab
  artifactKey: Guid(86815fc229572fd4496c890ef37d532e) Importer(815301076,1909f56bfc062723c751e8b465ee728b)
Start importing Assets/Prefabs/Numbers and Symbols/zero.prefab using Guid(86815fc229572fd4496c890ef37d532e) Importer(815301076,1909f56bfc062723c751e8b465ee728b)  -> (artifact id: '4a830215cf2204079459e38b2f432aa4') in 0.028765 seconds 
========================================================================
Received Import Request.
  Time since last request: 2.994705 seconds.
  path: Assets/Prefabs/Numbers and Symbols/two.prefab
  artifactKey: Guid(a2afb86d50a085e4c8d81ff9a5f54cf1) Importer(815301076,1909f56bfc062723c751e8b465ee728b)
Start importing Assets/Prefabs/Numbers and Symbols/two.prefab using Guid(a2afb86d50a085e4c8d81ff9a5f54cf1) Importer(815301076,1909f56bfc062723c751e8b465ee728b)  -> (artifact id: 'c1de2417842bf51b34efc96c4691d9d7') in 0.027911 seconds 
========================================================================
Received Import Request.
  Time since last request: 3.066086 seconds.
  path: Assets/Prefabs/Numbers and Symbols/three.prefab
  artifactKey: Guid(8af4b40bec8cc154080e443959e3f24e) Importer(815301076,1909f56bfc062723c751e8b465ee728b)
Start importing Assets/Prefabs/Numbers and Symbols/three.prefab using Guid(8af4b40bec8cc154080e443959e3f24e) Importer(815301076,1909f56bfc062723c751e8b465ee728b)  -> (artifact id: '4b0b15222da291e84a3ab3f0d7c3942a') in 0.030252 seconds 
========================================================================
Received Import Request.
  Time since last request: 2.787890 seconds.
  path: Assets/Prefabs/ten.prefab
  artifactKey: Guid(471bf989a581d9045a76b64a3eb1ca7e) Importer(815301076,1909f56bfc062723c751e8b465ee728b)
Start importing Assets/Prefabs/ten.prefab using Guid(471bf989a581d9045a76b64a3eb1ca7e) Importer(815301076,1909f56bfc062723c751e8b465ee728b)  -> (artifact id: '6cb89d0c566ff91da4ff763a743235d6') in 0.026868 seconds 
========================================================================
Received Import Request.
  Time since last request: 7.404052 seconds.
  path: Assets/Prefabs/Numbers and Symbols/sympols1.prefab
  artifactKey: Guid(bf1a6342883814a40ac60bf703f56d33) Importer(815301076,1909f56bfc062723c751e8b465ee728b)
Start importing Assets/Prefabs/Numbers and Symbols/sympols1.prefab using Guid(bf1a6342883814a40ac60bf703f56d33) Importer(815301076,1909f56bfc062723c751e8b465ee728b)  -> (artifact id: 'fe81b75210f5251e6dee6f494d496d25') in 0.028349 seconds 
========================================================================
Received Import Request.
  Time since last request: 2.536291 seconds.
  path: Assets/Prefabs/Numbers and Symbols/sympols2.prefab
  artifactKey: Guid(a1bc28a9c5bf1e14e82745e44baf0b1d) Importer(815301076,1909f56bfc062723c751e8b465ee728b)
Start importing Assets/Prefabs/Numbers and Symbols/sympols2.prefab using Guid(a1bc28a9c5bf1e14e82745e44baf0b1d) Importer(815301076,1909f56bfc062723c751e8b465ee728b)  -> (artifact id: '0aacc51060b16457e7fc8039ac9d6952') in 0.027118 seconds 
========================================================================
Received Import Request.
  Time since last request: 1.619673 seconds.
  path: Assets/Prefabs/Numbers and Symbols/sympols3.prefab
  artifactKey: Guid(1fbaf8c05399b844eba0b0d6f74799d9) Importer(815301076,1909f56bfc062723c751e8b465ee728b)
Start importing Assets/Prefabs/Numbers and Symbols/sympols3.prefab using Guid(1fbaf8c05399b844eba0b0d6f74799d9) Importer(815301076,1909f56bfc062723c751e8b465ee728b)  -> (artifact id: '2f478b4db933dbeb9deaeb411525a389') in 0.029314 seconds 
========================================================================
Received Import Request.
  Time since last request: 2.178519 seconds.
  path: Assets/Prefabs/Numbers and Symbols/sympols4.prefab
  artifactKey: Guid(e8f294c5e69bacd4590230b839077e2e) Importer(815301076,1909f56bfc062723c751e8b465ee728b)
Start importing Assets/Prefabs/Numbers and Symbols/sympols4.prefab using Guid(e8f294c5e69bacd4590230b839077e2e) Importer(815301076,1909f56bfc062723c751e8b465ee728b)  -> (artifact id: 'faaeb5593acb9a2341598a3cff3d0133') in 0.029317 seconds 
========================================================================
Received Import Request.
  Time since last request: 1.980151 seconds.
  path: Assets/Prefabs/Numbers and Symbols/sympols5.prefab
  artifactKey: Guid(c2096adb5ed5d2a48a0847210c9df963) Importer(815301076,1909f56bfc062723c751e8b465ee728b)
Start importing Assets/Prefabs/Numbers and Symbols/sympols5.prefab using Guid(c2096adb5ed5d2a48a0847210c9df963) Importer(815301076,1909f56bfc062723c751e8b465ee728b)  -> (artifact id: '1a764c01d2866a69c0a334293fe749dc') in 0.031679 seconds 
========================================================================
Received Import Request.
  Time since last request: 2.361452 seconds.
  path: Assets/Prefabs/Numbers and Symbols/sympols6.prefab
  artifactKey: Guid(a89752b97f9e06c488705e82317389c2) Importer(815301076,1909f56bfc062723c751e8b465ee728b)
Start importing Assets/Prefabs/Numbers and Symbols/sympols6.prefab using Guid(a89752b97f9e06c488705e82317389c2) Importer(815301076,1909f56bfc062723c751e8b465ee728b)  -> (artifact id: '984764ba340aadf9cc07ae281f12e07c') in 0.031131 seconds 
========================================================================
Received Import Request.
  Time since last request: 1.720979 seconds.
  path: Assets/Prefabs/Numbers and Symbols/sympols7.prefab
  artifactKey: Guid(7f38a0b6c91514e46a7b0f0bd97329b5) Importer(815301076,1909f56bfc062723c751e8b465ee728b)
Start importing Assets/Prefabs/Numbers and Symbols/sympols7.prefab using Guid(7f38a0b6c91514e46a7b0f0bd97329b5) Importer(815301076,1909f56bfc062723c751e8b465ee728b)  -> (artifact id: 'f4ff96400649560f64c60585b1ba9283') in 0.030757 seconds 
========================================================================
Received Import Request.
  Time since last request: 2.249295 seconds.
  path: Assets/Prefabs/Numbers and Symbols/sympols8.prefab
  artifactKey: Guid(e12117328fcb3894eb39df2f4122a3d0) Importer(815301076,1909f56bfc062723c751e8b465ee728b)
Start importing Assets/Prefabs/Numbers and Symbols/sympols8.prefab using Guid(e12117328fcb3894eb39df2f4122a3d0) Importer(815301076,1909f56bfc062723c751e8b465ee728b)  -> (artifact id: '3d361ed60d4b7c4e0531cf4ba189bbd1') in 0.031506 seconds 
========================================================================
Received Import Request.
  Time since last request: 3.545670 seconds.
  path: Assets/Prefabs/Numbers and Symbols/sympols9.prefab
  artifactKey: Guid(e3dfcca153e7f1744abea8c3ef36931a) Importer(815301076,1909f56bfc062723c751e8b465ee728b)
Start importing Assets/Prefabs/Numbers and Symbols/sympols9.prefab using Guid(e3dfcca153e7f1744abea8c3ef36931a) Importer(815301076,1909f56bfc062723c751e8b465ee728b)  -> (artifact id: 'ea6a3ea46446de157de86af4db7f10ff') in 0.029346 seconds 
========================================================================
Received Import Request.
  Time since last request: 2.082176 seconds.
  path: Assets/Prefabs/Numbers and Symbols/sympols10.prefab
  artifactKey: Guid(12bb0692a0084c4438a2f754f952fdfc) Importer(815301076,1909f56bfc062723c751e8b465ee728b)
Start importing Assets/Prefabs/Numbers and Symbols/sympols10.prefab using Guid(12bb0692a0084c4438a2f754f952fdfc) Importer(815301076,1909f56bfc062723c751e8b465ee728b)  -> (artifact id: '2db5a30dc8fc22edee9ae5c4e65724e3') in 0.033683 seconds 
========================================================================
Received Import Request.
  Time since last request: 2.022971 seconds.
  path: Assets/Prefabs/Numbers and Symbols/sympols11.prefab
  artifactKey: Guid(184995dfdc004bf4889a3494cb6fd82c) Importer(815301076,1909f56bfc062723c751e8b465ee728b)
Start importing Assets/Prefabs/Numbers and Symbols/sympols11.prefab using Guid(184995dfdc004bf4889a3494cb6fd82c) Importer(815301076,1909f56bfc062723c751e8b465ee728b)  -> (artifact id: '97fb52297c9395a44da7895d38a3eb11') in 0.602138 seconds 
========================================================================
Received Import Request.
  Time since last request: 2.299311 seconds.
  path: Assets/Prefabs/Numbers and Symbols/sympols12.prefab
  artifactKey: Guid(2476a576292f2c447bd84a6494560352) Importer(815301076,1909f56bfc062723c751e8b465ee728b)
Start importing Assets/Prefabs/Numbers and Symbols/sympols12.prefab using Guid(2476a576292f2c447bd84a6494560352) Importer(815301076,1909f56bfc062723c751e8b465ee728b)  -> (artifact id: '069d302e19d4f768d37aa11b435b4cc1') in 0.030270 seconds 
========================================================================
Received Import Request.
  Time since last request: 2.772674 seconds.
  path: Assets/Prefabs/Numbers and Symbols/sympols13.prefab
  artifactKey: Guid(111ffb692c9a85542a40a6aa883d4665) Importer(815301076,1909f56bfc062723c751e8b465ee728b)
Start importing Assets/Prefabs/Numbers and Symbols/sympols13.prefab using Guid(111ffb692c9a85542a40a6aa883d4665) Importer(815301076,1909f56bfc062723c751e8b465ee728b)  -> (artifact id: '43021c8905cfbf354bde058fc6ada3ad') in 0.032430 seconds 
========================================================================
Received Import Request.
  Time since last request: 5.628257 seconds.
  path: Assets/Prefabs/Numbers and Symbols/sympols14.prefab
  artifactKey: Guid(3d800fdaf9d1f77409448fbea5b25f38) Importer(815301076,1909f56bfc062723c751e8b465ee728b)
Start importing Assets/Prefabs/Numbers and Symbols/sympols14.prefab using Guid(3d800fdaf9d1f77409448fbea5b25f38) Importer(815301076,1909f56bfc062723c751e8b465ee728b)  -> (artifact id: 'db8aad5229db2da391fa044295531227') in 0.030997 seconds 
========================================================================
Received Import Request.
  Time since last request: 2.291747 seconds.
  path: Assets/Prefabs/Numbers and Symbols/sympols15.prefab
  artifactKey: Guid(257eb748816c1214caaeed7e9e9a23ed) Importer(815301076,1909f56bfc062723c751e8b465ee728b)
Start importing Assets/Prefabs/Numbers and Symbols/sympols15.prefab using Guid(257eb748816c1214caaeed7e9e9a23ed) Importer(815301076,1909f56bfc062723c751e8b465ee728b)  -> (artifact id: '6b88d4e78fab104bef2b44346eae621e') in 0.275896 seconds 
========================================================================
Received Import Request.
  Time since last request: 2.198865 seconds.
  path: Assets/Prefabs/Numbers and Symbols/sympols16.prefab
  artifactKey: Guid(eeffa3639aad87e4aa1e6e5729f08458) Importer(815301076,1909f56bfc062723c751e8b465ee728b)
Start importing Assets/Prefabs/Numbers and Symbols/sympols16.prefab using Guid(eeffa3639aad87e4aa1e6e5729f08458) Importer(815301076,1909f56bfc062723c751e8b465ee728b)  -> (artifact id: 'c11997ae0734cdd24cd2ba5e7631e31c') in 0.946042 seconds 
========================================================================
Received Import Request.
  Time since last request: 1.445439 seconds.
  path: Assets/Prefabs/Numbers and Symbols/sympols17.prefab
  artifactKey: Guid(829cabd752ff32b4c8a516e0b25d2e0a) Importer(815301076,1909f56bfc062723c751e8b465ee728b)
Start importing Assets/Prefabs/Numbers and Symbols/sympols17.prefab using Guid(829cabd752ff32b4c8a516e0b25d2e0a) Importer(815301076,1909f56bfc062723c751e8b465ee728b)  -> (artifact id: '02e8a0affcdb05a1248088f3f5bbb45f') in 0.029340 seconds 
========================================================================
Received Import Request.
  Time since last request: 1.549367 seconds.
  path: Assets/Prefabs/Numbers and Symbols/sympols18.prefab
  artifactKey: Guid(cac957c52a8397047bc4637c1655299e) Importer(815301076,1909f56bfc062723c751e8b465ee728b)
Start importing Assets/Prefabs/Numbers and Symbols/sympols18.prefab using Guid(cac957c52a8397047bc4637c1655299e) Importer(815301076,1909f56bfc062723c751e8b465ee728b)  -> (artifact id: '6316b244c7d6903583146d716bab97c3') in 0.029771 seconds 
========================================================================
Received Import Request.
  Time since last request: 4.823984 seconds.
  path: Assets/Prefabs/Numbers and Symbols/sympols19.prefab
  artifactKey: Guid(01ae5bd410a2a1b429d007542882e07f) Importer(815301076,1909f56bfc062723c751e8b465ee728b)
Start importing Assets/Prefabs/Numbers and Symbols/sympols19.prefab using Guid(01ae5bd410a2a1b429d007542882e07f) Importer(815301076,1909f56bfc062723c751e8b465ee728b)  -> (artifact id: '3f4457e6f5e20b823be89dd2914a004b') in 0.027372 seconds 
========================================================================
Received Import Request.
  Time since last request: 3.775618 seconds.
  path: Assets/Prefabs/sympols20.prefab
  artifactKey: Guid(ca791e458e3c26c499e09c888c4820df) Importer(815301076,1909f56bfc062723c751e8b465ee728b)
Start importing Assets/Prefabs/sympols20.prefab using Guid(ca791e458e3c26c499e09c888c4820df) Importer(815301076,1909f56bfc062723c751e8b465ee728b)  -> (artifact id: '6625cead296d7eed80f6a7df3eb1977d') in 0.223861 seconds 
========================================================================
Received Import Request.
  Time since last request: 6.586577 seconds.
  path: Assets/Prefabs/Numbers and Symbols/six.prefab
  artifactKey: Guid(f2067b663e479fc49b229f26d319611c) Importer(815301076,1909f56bfc062723c751e8b465ee728b)
Start importing Assets/Prefabs/Numbers and Symbols/six.prefab using Guid(f2067b663e479fc49b229f26d319611c) Importer(815301076,1909f56bfc062723c751e8b465ee728b)  -> (artifact id: '223858d4ee7ccc23d1ba29567cd2ca91') in 0.030405 seconds 
========================================================================
Received Import Request.
  Time since last request: 3.257424 seconds.
  path: Assets/Prefabs/Numbers and Symbols/seven.prefab
  artifactKey: Guid(e1ac62092d4df914eaa97fdb4c27c448) Importer(815301076,1909f56bfc062723c751e8b465ee728b)
Start importing Assets/Prefabs/Numbers and Symbols/seven.prefab using Guid(e1ac62092d4df914eaa97fdb4c27c448) Importer(815301076,1909f56bfc062723c751e8b465ee728b)  -> (artifact id: '6cd6dae2664ba8753b4a67ccedcd9540') in 0.068525 seconds 
========================================================================
Received Import Request.
  Time since last request: 3.375417 seconds.
  path: Assets/Prefabs/one.prefab
  artifactKey: Guid(17f6b4026417a6e48a3db251109f887d) Importer(815301076,1909f56bfc062723c751e8b465ee728b)
Start importing Assets/Prefabs/one.prefab using Guid(17f6b4026417a6e48a3db251109f887d) Importer(815301076,1909f56bfc062723c751e8b465ee728b)  -> (artifact id: '9269141c20e0f1190164ff4137abfec3') in 0.029251 seconds 
========================================================================
Received Import Request.
  Time since last request: 3.484787 seconds.
  path: Assets/Prefabs/Numbers and Symbols/nine.prefab
  artifactKey: Guid(284ad4bc93646c346a8050a40470bc0a) Importer(815301076,1909f56bfc062723c751e8b465ee728b)
Start importing Assets/Prefabs/Numbers and Symbols/nine.prefab using Guid(284ad4bc93646c346a8050a40470bc0a) Importer(815301076,1909f56bfc062723c751e8b465ee728b)  -> (artifact id: 'd28b817378648b6be237eae42632f87c') in 0.029493 seconds 
========================================================================
Received Import Request.
  Time since last request: 9.759873 seconds.
  path: Assets/Prefabs/Numbers and Symbols/five.prefab
  artifactKey: Guid(16cbdcc5ac8a9a14a80fc32fdc94123c) Importer(815301076,1909f56bfc062723c751e8b465ee728b)
Start importing Assets/Prefabs/Numbers and Symbols/five.prefab using Guid(16cbdcc5ac8a9a14a80fc32fdc94123c) Importer(815301076,1909f56bfc062723c751e8b465ee728b)  -> (artifact id: '7ae83f1b85a08fb6552375f55bdfa513') in 0.591296 seconds 
========================================================================
Received Import Request.
  Time since last request: 4.452312 seconds.
  path: Assets/Prefabs/Numbers and Symbols/four.prefab
  artifactKey: Guid(08ea705b7f681254aa3c5f68a40de53e) Importer(815301076,1909f56bfc062723c751e8b465ee728b)
Start importing Assets/Prefabs/Numbers and Symbols/four.prefab using Guid(08ea705b7f681254aa3c5f68a40de53e) Importer(815301076,1909f56bfc062723c751e8b465ee728b)  -> (artifact id: '44ecc55789140710c386f91d390368d0') in 0.119319 seconds 
========================================================================
Received Import Request.
  Time since last request: 7.325090 seconds.
  path: Assets/Prefabs/Numbers and Symbols/eight.prefab
  artifactKey: Guid(4375bc971bef20d4ea413428923a6c4f) Importer(815301076,1909f56bfc062723c751e8b465ee728b)
Start importing Assets/Prefabs/Numbers and Symbols/eight.prefab using Guid(4375bc971bef20d4ea413428923a6c4f) Importer(815301076,1909f56bfc062723c751e8b465ee728b)  -> (artifact id: '2ef27e6c6f0bdd43d0161bae6cd533c1') in 0.034823 seconds 
