Using pre-set license
Built from '2021.3/staging' branch; Version is '2021.3.22f1 (b6c551784ba3) revision 11978065'; Using compiler version '192829333'; Build Type 'Release'
OS: 'Windows 10  (10.0.19045) 64bit Professional' Language: 'en' Physical Memory: 16224 MB
BatchMode: 1, IsHumanControllingUs: 0, StartBugReporterOnCrash: 0, Is64bit: 1, IsPro: 1

COMMAND LINE ARGUMENTS:
C:\Program Files\Unity\Hub\Editor\2021.3.22f1\Editor\Unity.exe
-adb2
-batchMode
-noUpm
-name
AssetImportWorker0
-projectPath
C:/Users/jawah/Desktop/GameIN/RabitRoll/Rabbit-Hole-Unity/LorealProject/MiniGame1_LorealProject
-logFile
Logs/AssetImportWorker0.log
-srvPort
53417
Successfully changed project path to: C:/Users/jawah/Desktop/GameIN/RabitRoll/Rabbit-Hole-Unity/LorealProject/MiniGame1_LorealProject
C:/Users/jawah/Desktop/GameIN/RabitRoll/Rabbit-Hole-Unity/LorealProject/MiniGame1_LorealProject
[UnityMemory] Configuration Parameters - Can be set up in boot.config
    "memorysetup-bucket-allocator-granularity=16"
    "memorysetup-bucket-allocator-bucket-count=8"
    "memorysetup-bucket-allocator-block-size=33554432"
    "memorysetup-bucket-allocator-block-count=8"
    "memorysetup-main-allocator-block-size=16777216"
    "memorysetup-thread-allocator-block-size=16777216"
    "memorysetup-gfx-main-allocator-block-size=16777216"
    "memorysetup-gfx-thread-allocator-block-size=16777216"
    "memorysetup-cache-allocator-block-size=4194304"
    "memorysetup-typetree-allocator-block-size=2097152"
    "memorysetup-profiler-bucket-allocator-granularity=16"
    "memorysetup-profiler-bucket-allocator-bucket-count=8"
    "memorysetup-profiler-bucket-allocator-block-size=33554432"
    "memorysetup-profiler-bucket-allocator-block-count=8"
    "memorysetup-profiler-allocator-block-size=16777216"
    "memorysetup-profiler-editor-allocator-block-size=1048576"
    "memorysetup-temp-allocator-size-main=16777216"
    "memorysetup-job-temp-allocator-block-size=2097152"
    "memorysetup-job-temp-allocator-block-size-background=1048576"
    "memorysetup-job-temp-allocator-reduction-small-platforms=262144"
    "memorysetup-temp-allocator-size-background-worker=32768"
    "memorysetup-temp-allocator-size-job-worker=262144"
    "memorysetup-temp-allocator-size-preload-manager=33554432"
    "memorysetup-temp-allocator-size-nav-mesh-worker=65536"
    "memorysetup-temp-allocator-size-audio-worker=65536"
    "memorysetup-temp-allocator-size-cloud-worker=32768"
    "memorysetup-temp-allocator-size-gi-baking-worker=262144"
    "memorysetup-temp-allocator-size-gfx=262144"
Player connection [28644] Host "[IP] 172.16.59.102 [Port] 0 [Flags] 2 [Guid] 1383384588 [EditorId] 1383384588 [Version] 1048832 [Id] WindowsEditor(7,DESKTOP-8I8E8B9) [Debug] 1 [PackageName] WindowsEditor [ProjectName] Editor" joined multi-casting on [225.0.0.222:54997]...

Player connection [28644] Host "[IP] 172.16.59.102 [Port] 0 [Flags] 2 [Guid] 1383384588 [EditorId] 1383384588 [Version] 1048832 [Id] WindowsEditor(7,DESKTOP-8I8E8B9) [Debug] 1 [PackageName] WindowsEditor [ProjectName] Editor" joined alternative multi-casting on [225.0.0.222:34997]...

Refreshing native plugins compatible for Editor in 194.03 ms, found 8 plugins.
Preloading 1 native plugins for Editor in 0.72 ms.
Initialize engine version: 2021.3.22f1 (b6c551784ba3)
[Subsystems] Discovering subsystems at path C:/Program Files/Unity/Hub/Editor/2021.3.22f1/Editor/Data/Resources/UnitySubsystems
[Subsystems] Discovering subsystems at path C:/Users/jawah/Desktop/GameIN/RabitRoll/Rabbit-Hole-Unity/LorealProject/MiniGame1_LorealProject/Assets
GfxDevice: creating device client; threaded=0; jobified=0
Direct3D:
    Version:  Direct3D 11.0 [level 11.1]
    Renderer: NVIDIA GeForce RTX 2060 (ID=0x1f11)
    Vendor:   NVIDIA
    VRAM:     5968 MB
    Driver:   31.0.15.3667
Shader 'Oculus/OVRMRCameraFrameLit': fallback shader 'Alpha-Diffuse' not found
Initialize mono
Mono path[0] = 'C:/Program Files/Unity/Hub/Editor/2021.3.22f1/Editor/Data/Managed'
Mono path[1] = 'C:/Program Files/Unity/Hub/Editor/2021.3.22f1/Editor/Data/MonoBleedingEdge/lib/mono/unityjit-win32'
Mono config path = 'C:/Program Files/Unity/Hub/Editor/2021.3.22f1/Editor/Data/MonoBleedingEdge/etc'
Using monoOptions --debugger-agent=transport=dt_socket,embedding=1,server=y,suspend=n,address=127.0.0.1:56608
Begin MonoManager ReloadAssembly
Registering precompiled unity dll's ...
Register platform support module: C:/Program Files/Unity/Hub/Editor/2021.3.22f1/Editor/Data/PlaybackEngines/WebGLSupport/UnityEditor.WebGL.Extensions.dll
Register platform support module: C:/Program Files/Unity/Hub/Editor/2021.3.22f1/Editor/Data/PlaybackEngines/AndroidPlayer/UnityEditor.Android.Extensions.dll
Register platform support module: C:/Program Files/Unity/Hub/Editor/2021.3.22f1/Editor/Data/PlaybackEngines/WindowsStandaloneSupport/UnityEditor.WindowsStandalone.Extensions.dll
Register platform support module: C:/Program Files/Unity/Hub/Editor/2021.3.22f1/Editor/Data/PlaybackEngines/MetroSupport/UnityEditor.UWP.Extensions.dll
Registered in 0.010308 seconds.
Native extension for UWP target not found
Native extension for WindowsStandalone target not found
Native extension for Android target not found
Android Extension - Scanning For ADB Devices 358 ms
Native extension for WebGL target not found
Refreshing native plugins compatible for Editor in 142.41 ms, found 8 plugins.
Preloading 1 native plugins for Editor in 0.07 ms.
Mono: successfully reloaded assembly
- Completed reload, in  1.220 seconds
Domain Reload Profiling:
	ReloadAssembly (1220ms)
		BeginReloadAssembly (97ms)
			ExecutionOrderSort (0ms)
			DisableScriptedObjects (0ms)
			BackupInstance (0ms)
			ReleaseScriptingObjects (0ms)
			CreateAndSetChildDomain (1ms)
		EndReloadAssembly (1009ms)
			LoadAssemblies (97ms)
			RebuildTransferFunctionScriptingTraits (0ms)
			SetupTypeCache (134ms)
			ReleaseScriptCaches (0ms)
			RebuildScriptCaches (41ms)
			SetupLoadedEditorAssemblies (754ms)
				LogAssemblyErrors (0ms)
				InitializePlatformSupportModulesInManaged (447ms)
				SetLoadedEditorAssemblies (0ms)
				RefreshPlugins (143ms)
				BeforeProcessingInitializeOnLoad (1ms)
				ProcessInitializeOnLoadAttributes (109ms)
				ProcessInitializeOnLoadMethodAttributes (54ms)
				AfterProcessingInitializeOnLoad (0ms)
				EditorAssembliesLoaded (0ms)
			ExecutionOrderSort2 (0ms)
			AwakeInstancesAfterBackupRestoration (0ms)
Platform modules already initialized, skipping
Registering precompiled user dll's ...
Registered in 0.011398 seconds.
Begin MonoManager ReloadAssembly
Symbol file LoadedFromMemory doesn't match image C:\Users\jawah\Desktop\GameIN\RabitRoll\Rabbit-Hole-Unity\LorealProject\MiniGame1_LorealProject\Library\PackageCache\com.unity.visualscripting@1.8.0\Editor\VisualScripting.Core\Dependencies\DotNetZip\Unity.VisualScripting.IonicZip.dll
Symbol file LoadedFromMemory doesn't match image C:\Users\jawah\Desktop\GameIN\RabitRoll\Rabbit-Hole-Unity\LorealProject\MiniGame1_LorealProject\Library\PackageCache\com.unity.visualscripting@1.8.0\Editor\VisualScripting.Core\Dependencies\YamlDotNet\Unity.VisualScripting.YamlDotNet.dll
Native extension for UWP target not found
Native extension for WindowsStandalone target not found
Native extension for Android target not found
Native extension for WebGL target not found
Refreshing native plugins compatible for Editor in 1.08 ms, found 8 plugins.
Preloading 1 native plugins for Editor in 0.07 ms.
Package Manager log level set to [2]
[XR] OculusXRPlugin: registering subsystems
[XR] Unable to register display lifecyle provider: [1]
[XR] Oculus Input lifecycle provider registered.
[XR] Unable to register input lifecyle provider: [1]
[XR] OVRP version 1.87.0
Mono: successfully reloaded assembly
- Completed reload, in  1.612 seconds
Domain Reload Profiling:
	ReloadAssembly (1613ms)
		BeginReloadAssembly (145ms)
			ExecutionOrderSort (0ms)
			DisableScriptedObjects (7ms)
			BackupInstance (0ms)
			ReleaseScriptingObjects (0ms)
			CreateAndSetChildDomain (24ms)
		EndReloadAssembly (1328ms)
			LoadAssemblies (149ms)
			RebuildTransferFunctionScriptingTraits (0ms)
			SetupTypeCache (382ms)
			ReleaseScriptCaches (1ms)
			RebuildScriptCaches (96ms)
			SetupLoadedEditorAssemblies (662ms)
				LogAssemblyErrors (0ms)
				InitializePlatformSupportModulesInManaged (21ms)
				SetLoadedEditorAssemblies (0ms)
				RefreshPlugins (1ms)
				BeforeProcessingInitializeOnLoad (155ms)
				ProcessInitializeOnLoadAttributes (446ms)
				ProcessInitializeOnLoadMethodAttributes (25ms)
				AfterProcessingInitializeOnLoad (11ms)
				EditorAssembliesLoaded (0ms)
			ExecutionOrderSort2 (0ms)
			AwakeInstancesAfterBackupRestoration (8ms)
Platform modules already initialized, skipping
========================================================================
Worker process is ready to serve import requests
Shader 'Oculus/OVRMRCameraFrameLit': fallback shader 'Alpha-Diffuse' not found
Launched and connected shader compiler UnityShaderCompiler.exe after 0.06 seconds
Refreshing native plugins compatible for Editor in 1.28 ms, found 8 plugins.
Preloading 1 native plugins for Editor in 0.08 ms.
Unloading 5008 Unused Serialized files (Serialized files now loaded: 0)
Unloading 55 unused Assets / (81.6 MB). Loaded Objects now: 5446.
Memory consumption went from 183.6 MB to 102.0 MB.
Total: 9.873400 ms (FindLiveObjects: 0.528100 ms CreateObjectMapping: 0.477800 ms MarkObjects: 8.576800 ms  DeleteObjects: 0.289300 ms)

AssetImportParameters requested are different than current active one (requested -> active):
  custom:video-decoder-ogg-theora: a1e56fd34408186e4bbccfd4996cb3dc -> 
  custom:container-muxer-webm: aa71ff27fc2769a1b78a27578f13a17b -> 
  custom:container-demuxer-webm: 4f35f7cbe854078d1ac9338744f61a02 -> 
  custom:video-encoder-webm-vp8: eb34c28f22e8b96e1ab97ce403110664 -> 
  custom:audio-encoder-webm-vorbis: bf7c407c2cedff20999df2af8eb42d56 -> 
  custom:framework-win-MediaFoundation: 216162199b28c13a410421893ffa2e32 -> 
  custom:container-demuxer-ogg: 62fdf1f143b41e24485cea50d1cbac27 -> 
  custom:video-decoder-webm-vp8: 9c59270c3fd7afecdb556c50c9e8de78 -> 
  custom:audio-decoder-ogg-vorbis: bf7c407c2cedff20999df2af8eb42d56 -> 
========================================================================
Received Import Request.
  Time since last request: 8482.351844 seconds.
  path: Assets/3D models/letters Test AA 1 .fbx
  artifactKey: Guid(af86d3fa4d36d6d45b6452da6c9901ac) Importer(815301076,1909f56bfc062723c751e8b465ee728b)
Start importing Assets/3D models/letters Test AA 1 .fbx using Guid(af86d3fa4d36d6d45b6452da6c9901ac) Importer(815301076,1909f56bfc062723c751e8b465ee728b)  -> (artifact id: 'c55b4b076dc235d05f74da49e849e08c') in 0.233912 seconds 
========================================================================
Received Import Request.
  Time since last request: 153.118139 seconds.
  path: Assets/Prefabs/Small Letters
  artifactKey: Guid(96f5c01dfded8b145bdb289cb27045ef) Importer(815301076,1909f56bfc062723c751e8b465ee728b)
Start importing Assets/Prefabs/Small Letters using Guid(96f5c01dfded8b145bdb289cb27045ef) Importer(815301076,1909f56bfc062723c751e8b465ee728b)  -> (artifact id: '3a7453193c048c8245d8b49e2e4f8202') in 0.015168 seconds 
========================================================================
Received Import Request.
  Time since last request: 0.841683 seconds.
  path: Assets/Prefabs/Small Letters/a.prefab
  artifactKey: Guid(6a891eb0df2ecac4db072a544a59a01b) Importer(815301076,1909f56bfc062723c751e8b465ee728b)
Start importing Assets/Prefabs/Small Letters/a.prefab using Guid(6a891eb0df2ecac4db072a544a59a01b) Importer(815301076,1909f56bfc062723c751e8b465ee728b)  -> (artifact id: 'b3129b88a7d02417c2354534802162b8') in 0.044570 seconds 
========================================================================
Received Import Request.
  Time since last request: 0.401516 seconds.
  path: Assets/Prefabs/Small Letters/c.prefab
  artifactKey: Guid(8ca05625b51c39442a56420dafbddaf2) Importer(815301076,1909f56bfc062723c751e8b465ee728b)
Start importing Assets/Prefabs/Small Letters/c.prefab using Guid(8ca05625b51c39442a56420dafbddaf2) Importer(815301076,1909f56bfc062723c751e8b465ee728b)  -> (artifact id: '6203b6ddbe7f70ec83ea6b57c4803743') in 0.045293 seconds 
========================================================================
Received Import Request.
  Time since last request: 0.284898 seconds.
  path: Assets/Prefabs/Small Letters/e.prefab
  artifactKey: Guid(68ab614ba7c724f478c3f2a3372f722d) Importer(815301076,1909f56bfc062723c751e8b465ee728b)
Start importing Assets/Prefabs/Small Letters/e.prefab using Guid(68ab614ba7c724f478c3f2a3372f722d) Importer(815301076,1909f56bfc062723c751e8b465ee728b)  -> (artifact id: '43b800573fe136202217c39cb509fa11') in 0.032923 seconds 
========================================================================
Received Import Request.
  Time since last request: 1.813105 seconds.
  path: Assets/Prefabs/Capital Letters
  artifactKey: Guid(5b9641c502f36f8488f93e5f9556e31c) Importer(815301076,1909f56bfc062723c751e8b465ee728b)
Start importing Assets/Prefabs/Capital Letters using Guid(5b9641c502f36f8488f93e5f9556e31c) Importer(815301076,1909f56bfc062723c751e8b465ee728b)  -> (artifact id: '5d4c467a5c94b69585957de41432f2f2') in 0.014203 seconds 
========================================================================
Received Import Request.
  Time since last request: 0.837146 seconds.
  path: Assets/Prefabs/Capital Letters/B.prefab
  artifactKey: Guid(2709b7acbcfc3504395dca068b4c3373) Importer(815301076,1909f56bfc062723c751e8b465ee728b)
Start importing Assets/Prefabs/Capital Letters/B.prefab using Guid(2709b7acbcfc3504395dca068b4c3373) Importer(815301076,1909f56bfc062723c751e8b465ee728b)  -> (artifact id: '3c797f404d9820a0453094a3667476b2') in 0.028363 seconds 
========================================================================
Received Import Request.
  Time since last request: 0.346994 seconds.
  path: Assets/Prefabs/Capital Letters/D.prefab
  artifactKey: Guid(8ddb495387bbe054ebc409103a15a40c) Importer(815301076,1909f56bfc062723c751e8b465ee728b)
Start importing Assets/Prefabs/Capital Letters/D.prefab using Guid(8ddb495387bbe054ebc409103a15a40c) Importer(815301076,1909f56bfc062723c751e8b465ee728b)  -> (artifact id: 'e1ec591b74025372deca952f6aad7659') in 0.032870 seconds 
========================================================================
Received Import Request.
  Time since last request: 0.474083 seconds.
  path: Assets/Prefabs/Capital Letters/F.prefab
  artifactKey: Guid(3a7624139b6dc7e4e9ce4e4de182b672) Importer(815301076,1909f56bfc062723c751e8b465ee728b)
Start importing Assets/Prefabs/Capital Letters/F.prefab using Guid(3a7624139b6dc7e4e9ce4e4de182b672) Importer(815301076,1909f56bfc062723c751e8b465ee728b)  -> (artifact id: 'b6bc7a90eb8898ad8bc4ad29f43c2c7a') in 0.027539 seconds 
========================================================================
Received Import Request.
  Time since last request: 3.361852 seconds.
  path: Assets/Prefabs/Numbers and Symbols
  artifactKey: Guid(32da03bcb5fc4f945bb30368c22820c9) Importer(815301076,1909f56bfc062723c751e8b465ee728b)
Start importing Assets/Prefabs/Numbers and Symbols using Guid(32da03bcb5fc4f945bb30368c22820c9) Importer(815301076,1909f56bfc062723c751e8b465ee728b)  -> (artifact id: 'd42be0b011109e502a930adfe9be8a27') in 0.014746 seconds 
========================================================================
Received Import Request.
  Time since last request: 1066.349371 seconds.
  path: ProjectSettings/TagManager.asset
  artifactKey: Guid(00000000000000003000000000000000) Importer(815301076,1909f56bfc062723c751e8b465ee728b)
Start importing ProjectSettings/TagManager.asset using Guid(00000000000000003000000000000000) Importer(815301076,1909f56bfc062723c751e8b465ee728b)  -> (artifact id: 'c189b15ffa0ed842ee5fa71e826c371c') in 0.016219 seconds 
========================================================================
Received Import Request.
  Time since last request: 165.015029 seconds.
  path: Assets/3D models
  artifactKey: Guid(76ee954c99fb14649bfa0670cf52e238) Importer(815301076,1909f56bfc062723c751e8b465ee728b)
Start importing Assets/3D models using Guid(76ee954c99fb14649bfa0670cf52e238) Importer(815301076,1909f56bfc062723c751e8b465ee728b)  -> (artifact id: '98bb906b2b597fa8608286ef7457f40e') in 0.013604 seconds 
========================================================================
Received Import Request.
  Time since last request: 9.834902 seconds.
  path: Assets/3D models/Text_ Neon 2d _1.png
  artifactKey: Guid(4a685ef161c523f41ba474e724c126a7) Importer(815301076,1909f56bfc062723c751e8b465ee728b)
Start importing Assets/3D models/Text_ Neon 2d _1.png using Guid(4a685ef161c523f41ba474e724c126a7) Importer(815301076,1909f56bfc062723c751e8b465ee728b)  -> (artifact id: '9fbe0efcfeca386e22bf5f71a5f20a55') in 0.051163 seconds 
========================================================================
Received Import Request.
  Time since last request: 26.871319 seconds.
  path: Assets/3D models/Text_ Neon 2d _1.png
  artifactKey: Guid(4a685ef161c523f41ba474e724c126a7) Importer(815301076,1909f56bfc062723c751e8b465ee728b)
Start importing Assets/3D models/Text_ Neon 2d _1.png using Guid(4a685ef161c523f41ba474e724c126a7) Importer(815301076,1909f56bfc062723c751e8b465ee728b)  -> (artifact id: '3e19f00fd347782a9d9d7bc05f90d7fe') in 0.298998 seconds 
========================================================================
Received Import Request.
  Time since last request: 52.702181 seconds.
  path: Assets/3D models/Text_ Neon 2d _1.png
  artifactKey: Guid(4a685ef161c523f41ba474e724c126a7) Importer(815301076,1909f56bfc062723c751e8b465ee728b)
Start importing Assets/3D models/Text_ Neon 2d _1.png using Guid(4a685ef161c523f41ba474e724c126a7) Importer(815301076,1909f56bfc062723c751e8b465ee728b)  -> (artifact id: 'a76d104b52a685f7cc78fb0a07e82099') in 0.013812 seconds 
========================================================================
Received Import Request.
  Time since last request: 88.847785 seconds.
  path: Assets/3D models/Text_ Neon 2d _1.png
  artifactKey: Guid(4a685ef161c523f41ba474e724c126a7) Importer(815301076,1909f56bfc062723c751e8b465ee728b)
Start importing Assets/3D models/Text_ Neon 2d _1.png using Guid(4a685ef161c523f41ba474e724c126a7) Importer(815301076,1909f56bfc062723c751e8b465ee728b)  -> (artifact id: 'd96156e614a24dfc33d9e5aaaac7f16b') in 0.019725 seconds 
========================================================================
Received Import Request.
  Time since last request: 6187.811265 seconds.
  path: Assets/TextMesh Pro/Fonts/LiberationSans.ttf
  artifactKey: Guid(e3265ab4bf004d28a9537516768c1c75) Importer(815301076,1909f56bfc062723c751e8b465ee728b)
Start importing Assets/TextMesh Pro/Fonts/LiberationSans.ttf using Guid(e3265ab4bf004d28a9537516768c1c75) Importer(815301076,1909f56bfc062723c751e8b465ee728b)  -> (artifact id: '86e85d55384b22641579099d0f1ce7e8') in 0.066613 seconds 
========================================================================
Received Import Request.
  Time since last request: 0.000034 seconds.
  path: Assets/Oculus/SampleFramework/Core/DebugUI/Fonts/Montserrat/Montserrat-LightItalic.ttf
  artifactKey: Guid(d30609de8a17cfb409c74b4302ca60e3) Importer(815301076,1909f56bfc062723c751e8b465ee728b)
Start importing Assets/Oculus/SampleFramework/Core/DebugUI/Fonts/Montserrat/Montserrat-LightItalic.ttf using Guid(d30609de8a17cfb409c74b4302ca60e3) Importer(815301076,1909f56bfc062723c751e8b465ee728b)  -> (artifact id: 'efcc27de01c83015abc90c688715da71') in 0.037513 seconds 
========================================================================
Received Import Request.
  Time since last request: 0.000050 seconds.
  path: Assets/Oculus/SampleFramework/Core/DebugUI/Fonts/Montserrat/Montserrat-Light.ttf
  artifactKey: Guid(4c90d3c4d98a33647872e06a6f654f9f) Importer(815301076,1909f56bfc062723c751e8b465ee728b)
Start importing Assets/Oculus/SampleFramework/Core/DebugUI/Fonts/Montserrat/Montserrat-Light.ttf using Guid(4c90d3c4d98a33647872e06a6f654f9f) Importer(815301076,1909f56bfc062723c751e8b465ee728b)  -> (artifact id: '970071229aa097d808335a80d6a31f65') in 0.038084 seconds 
========================================================================
Received Import Request.
  Time since last request: 0.000038 seconds.
  path: Assets/Oculus/SampleFramework/Core/DebugUI/Fonts/Montserrat/Montserrat-MediumItalic.ttf
  artifactKey: Guid(53b4534908f8f324d8ffe0fc5fa5a31f) Importer(815301076,1909f56bfc062723c751e8b465ee728b)
Start importing Assets/Oculus/SampleFramework/Core/DebugUI/Fonts/Montserrat/Montserrat-MediumItalic.ttf using Guid(53b4534908f8f324d8ffe0fc5fa5a31f) Importer(815301076,1909f56bfc062723c751e8b465ee728b)  -> (artifact id: 'c30fd626fac7c8ff99d1716eb651c53b') in 0.041718 seconds 
========================================================================
Received Import Request.
  Time since last request: 0.000031 seconds.
  path: Assets/Oculus/SampleFramework/Core/DebugUI/Fonts/Montserrat/Montserrat-BoldItalic.ttf
  artifactKey: Guid(440e99598766dbd40a4d8bc01445b5ca) Importer(815301076,1909f56bfc062723c751e8b465ee728b)
Start importing Assets/Oculus/SampleFramework/Core/DebugUI/Fonts/Montserrat/Montserrat-BoldItalic.ttf using Guid(440e99598766dbd40a4d8bc01445b5ca) Importer(815301076,1909f56bfc062723c751e8b465ee728b)  -> (artifact id: '491ba6116b28c0f643e63f335bb8db97') in 0.043215 seconds 
========================================================================
Received Import Request.
  Time since last request: 14.693827 seconds.
  path: Assets/3D models/Arialic Hollow.ttf
  artifactKey: Guid(0c8c8c882de392f449509d7e30c2fa62) Importer(815301076,1909f56bfc062723c751e8b465ee728b)
Start importing Assets/3D models/Arialic Hollow.ttf using Guid(0c8c8c882de392f449509d7e30c2fa62) Importer(815301076,1909f56bfc062723c751e8b465ee728b)  -> (artifact id: 'af743016803b036a27a8500b76c14049') in 0.032605 seconds 
========================================================================
Received Import Request.
  Time since last request: 17.717792 seconds.
  path: Assets/3D models/Arialic Hollow SDF.asset
  artifactKey: Guid(289d760f7d6171f459e7642f7a5494ec) Importer(815301076,1909f56bfc062723c751e8b465ee728b)
Start importing Assets/3D models/Arialic Hollow SDF.asset using Guid(289d760f7d6171f459e7642f7a5494ec) Importer(815301076,1909f56bfc062723c751e8b465ee728b)  -> (artifact id: '0edbf60b41a156c963483bbe7628f713') in 0.056477 seconds 
========================================================================
Received Import Request.
  Time since last request: 0.000036 seconds.
  path: Assets/Oculus/Interaction/Samples/Fonts/Roboto-Medium SDF.asset
  artifactKey: Guid(b8f5aeb9c6de7614db2631011b869bc3) Importer(815301076,1909f56bfc062723c751e8b465ee728b)
Start importing Assets/Oculus/Interaction/Samples/Fonts/Roboto-Medium SDF.asset using Guid(b8f5aeb9c6de7614db2631011b869bc3) Importer(815301076,1909f56bfc062723c751e8b465ee728b)  -> (artifact id: '804e687800dfc802d2210aab6da54059') in 0.037848 seconds 
========================================================================
Received Import Request.
  Time since last request: 0.000026 seconds.
  path: Assets/Oculus/Interaction/Samples/Fonts/Roboto-Regular SDF.asset
  artifactKey: Guid(fc41d5815b9a5bb48be4c84a746c4ff6) Importer(815301076,1909f56bfc062723c751e8b465ee728b)
Start importing Assets/Oculus/Interaction/Samples/Fonts/Roboto-Regular SDF.asset using Guid(fc41d5815b9a5bb48be4c84a746c4ff6) Importer(815301076,1909f56bfc062723c751e8b465ee728b)  -> (artifact id: '97812ed4c99a9037a6a589056935f2fc') in 0.040743 seconds 
========================================================================
Received Import Request.
  Time since last request: 409.065603 seconds.
  path: Assets/3D models/Lucida Sans Unicode.ttf
  artifactKey: Guid(e222a612c8c47b142900bceccf639f68) Importer(815301076,1909f56bfc062723c751e8b465ee728b)
Start importing Assets/3D models/Lucida Sans Unicode.ttf using Guid(e222a612c8c47b142900bceccf639f68) Importer(815301076,1909f56bfc062723c751e8b465ee728b)  -> (artifact id: '99f13dda346810fe5e3e479a6bdb9c35') in 0.025526 seconds 
========================================================================
Received Import Request.
  Time since last request: 26.137045 seconds.
  path: Assets/3D models/Arialic Hollow SDF.asset
  artifactKey: Guid(289d760f7d6171f459e7642f7a5494ec) Importer(815301076,1909f56bfc062723c751e8b465ee728b)
Start importing Assets/3D models/Arialic Hollow SDF.asset using Guid(289d760f7d6171f459e7642f7a5494ec) Importer(815301076,1909f56bfc062723c751e8b465ee728b)  -> (artifact id: '64046f825496776eb24ee6a291ad5a64') in 0.039396 seconds 
========================================================================
Received Prepare
Shader 'Oculus/OVRMRCameraFrameLit': fallback shader 'Alpha-Diffuse' not found
Refreshing native plugins compatible for Editor in 38.57 ms, found 8 plugins.
Preloading 1 native plugins for Editor in 0.15 ms.
Unloading 46 Unused Serialized files (Serialized files now loaded: 0)
Unloading 47 unused Assets / (112.4 KB). Loaded Objects now: 5499.
Memory consumption went from 77.6 MB to 77.5 MB.
Total: 122.735200 ms (FindLiveObjects: 2.442200 ms CreateObjectMapping: 0.958800 ms MarkObjects: 119.072500 ms  DeleteObjects: 0.259800 ms)

AssetImportParameters requested are different than current active one (requested -> active):
  custom:video-decoder-ogg-theora: a1e56fd34408186e4bbccfd4996cb3dc -> 
  custom:container-muxer-webm: aa71ff27fc2769a1b78a27578f13a17b -> 
  custom:container-demuxer-webm: 4f35f7cbe854078d1ac9338744f61a02 -> 
  custom:video-encoder-webm-vp8: eb34c28f22e8b96e1ab97ce403110664 -> 
  custom:audio-encoder-webm-vorbis: bf7c407c2cedff20999df2af8eb42d56 -> 
  custom:framework-win-MediaFoundation: 216162199b28c13a410421893ffa2e32 -> 
  custom:container-demuxer-ogg: 62fdf1f143b41e24485cea50d1cbac27 -> 
  custom:video-decoder-webm-vp8: 9c59270c3fd7afecdb556c50c9e8de78 -> 
  custom:audio-decoder-ogg-vorbis: bf7c407c2cedff20999df2af8eb42d56 -> 
========================================================================
Received Prepare
Shader 'Oculus/OVRMRCameraFrameLit': fallback shader 'Alpha-Diffuse' not found
Refreshing native plugins compatible for Editor in 14.54 ms, found 8 plugins.
Preloading 1 native plugins for Editor in 0.08 ms.
Unloading 46 Unused Serialized files (Serialized files now loaded: 0)
Unloading 46 unused Assets / (112.1 KB). Loaded Objects now: 5499.
Memory consumption went from 77.6 MB to 77.5 MB.
Total: 5.126000 ms (FindLiveObjects: 0.544400 ms CreateObjectMapping: 0.494500 ms MarkObjects: 3.961100 ms  DeleteObjects: 0.124900 ms)

AssetImportParameters requested are different than current active one (requested -> active):
  custom:video-decoder-ogg-theora: a1e56fd34408186e4bbccfd4996cb3dc -> 
  custom:container-muxer-webm: aa71ff27fc2769a1b78a27578f13a17b -> 
  custom:container-demuxer-webm: 4f35f7cbe854078d1ac9338744f61a02 -> 
  custom:video-encoder-webm-vp8: eb34c28f22e8b96e1ab97ce403110664 -> 
  custom:audio-encoder-webm-vorbis: bf7c407c2cedff20999df2af8eb42d56 -> 
  custom:framework-win-MediaFoundation: 216162199b28c13a410421893ffa2e32 -> 
  custom:container-demuxer-ogg: 62fdf1f143b41e24485cea50d1cbac27 -> 
  custom:video-decoder-webm-vp8: 9c59270c3fd7afecdb556c50c9e8de78 -> 
  custom:audio-decoder-ogg-vorbis: bf7c407c2cedff20999df2af8eb42d56 -> 
========================================================================
Received Prepare
Registering precompiled user dll's ...
Registered in 0.028441 seconds.
Begin MonoManager ReloadAssembly
IOException: Sharing violation on path C:\Users\jawah\Desktop\GameIN\RabitRoll\Rabbit-Hole-Unity\LorealProject\MiniGame1_LorealProject\ProjectSettings\Packages\com.unity.testtools.codecoverage\Settings.json
  at System.IO.FileStream..ctor (System.String path, System.IO.FileMode mode, System.IO.FileAccess access, System.IO.FileShare share, System.Int32 bufferSize, System.Boolean anonymous, System.IO.FileOptions options) [0x0019e] in <88e4733ac7bc4ae1b496735e6b83bbd3>:0 
  at System.IO.FileStream..ctor (System.String path, System.IO.FileMode mode, System.IO.FileAccess access, System.IO.FileShare share, System.Int32 bufferSize, System.IO.FileOptions options) [0x00000] in <88e4733ac7bc4ae1b496735e6b83bbd3>:0 
  at (wrapper remoting-invoke-with-check) System.IO.FileStream..ctor(string,System.IO.FileMode,System.IO.FileAccess,System.IO.FileShare,int,System.IO.FileOptions)
  at System.IO.StreamWriter..ctor (System.String path, System.Boolean append, System.Text.Encoding encoding, System.Int32 bufferSize) [0x00055] in <88e4733ac7bc4ae1b496735e6b83bbd3>:0 
  at System.IO.StreamWriter..ctor (System.String path) [0x00008] in <88e4733ac7bc4ae1b496735e6b83bbd3>:0 
  at (wrapper remoting-invoke-with-check) System.IO.StreamWriter..ctor(string)
  at System.IO.File.WriteAllText (System.String path, System.String contents) [0x00026] in <88e4733ac7bc4ae1b496735e6b83bbd3>:0 
  at UnityEditor.SettingsManagement.PackageSettingsRepository.Save () [0x00070] in C:\Users\jawah\Desktop\GameIN\RabitRoll\Rabbit-Hole-Unity\LorealProject\MiniGame1_LorealProject\Library\PackageCache\com.unity.settings-manager@1.0.3\Editor\PackageSettingsRepository.cs:144 
  at UnityEditor.AssemblyReloadEvents.OnBeforeAssemblyReload () [0x00017] in <964670f15c6b47f9b8f9340732720473>:0 

(Filename: Library/PackageCache/com.unity.settings-manager@1.0.3/Editor/PackageSettingsRepository.cs Line: 144)

Symbol file LoadedFromMemory doesn't match image C:\Users\jawah\Desktop\GameIN\RabitRoll\Rabbit-Hole-Unity\LorealProject\MiniGame1_LorealProject\Library\PackageCache\com.unity.visualscripting@1.8.0\Editor\VisualScripting.Core\Dependencies\DotNetZip\Unity.VisualScripting.IonicZip.dll
Symbol file LoadedFromMemory doesn't match image C:\Users\jawah\Desktop\GameIN\RabitRoll\Rabbit-Hole-Unity\LorealProject\MiniGame1_LorealProject\Library\PackageCache\com.unity.visualscripting@1.8.0\Editor\VisualScripting.Core\Dependencies\YamlDotNet\Unity.VisualScripting.YamlDotNet.dll
Native extension for UWP target not found
Native extension for WindowsStandalone target not found
Native extension for Android target not found
Native extension for WebGL target not found
Refreshing native plugins compatible for Editor in 1.87 ms, found 8 plugins.
Preloading 1 native plugins for Editor in 0.17 ms.
[Package Manager] Server::EnsureServerProcessIsRunning -- launch failed, reason: Unity was launched with the -noUpm command-line argument
[Package Manager] Cannot connect to Unity Package Manager local server
[Package Manager] Server::EnsureServerProcessIsRunning -- launch failed, reason: Unity was launched with the -noUpm command-line argument
[Package Manager] Cannot connect to Unity Package Manager local server
[Package Manager] Server::EnsureServerProcessIsRunning -- launch failed, reason: Unity was launched with the -noUpm command-line argument
[Package Manager] Cannot connect to Unity Package Manager local server
[Package Manager] Server::EnsureServerProcessIsRunning -- launch failed, reason: Unity was launched with the -noUpm command-line argument
[Package Manager] Cannot connect to Unity Package Manager local server
Mono: successfully reloaded assembly
- Completed reload, in  2.165 seconds
Domain Reload Profiling:
	ReloadAssembly (2166ms)
		BeginReloadAssembly (550ms)
			ExecutionOrderSort (0ms)
			DisableScriptedObjects (10ms)
			BackupInstance (0ms)
			ReleaseScriptingObjects (0ms)
			CreateAndSetChildDomain (279ms)
		EndReloadAssembly (1440ms)
			LoadAssemblies (218ms)
			RebuildTransferFunctionScriptingTraits (0ms)
			SetupTypeCache (468ms)
			ReleaseScriptCaches (2ms)
			RebuildScriptCaches (55ms)
			SetupLoadedEditorAssemblies (683ms)
				LogAssemblyErrors (0ms)
				InitializePlatformSupportModulesInManaged (53ms)
				SetLoadedEditorAssemblies (1ms)
				RefreshPlugins (2ms)
				BeforeProcessingInitializeOnLoad (187ms)
				ProcessInitializeOnLoadAttributes (402ms)
				ProcessInitializeOnLoadMethodAttributes (27ms)
				AfterProcessingInitializeOnLoad (10ms)
				EditorAssembliesLoaded (0ms)
			ExecutionOrderSort2 (0ms)
			AwakeInstancesAfterBackupRestoration (8ms)
Platform modules already initialized, skipping
Shader 'Oculus/OVRMRCameraFrameLit': fallback shader 'Alpha-Diffuse' not found
Refreshing native plugins compatible for Editor in 8.02 ms, found 8 plugins.
Preloading 1 native plugins for Editor in 0.10 ms.
Unloading 4900 Unused Serialized files (Serialized files now loaded: 0)
Unloading 46 unused Assets / (114.9 KB). Loaded Objects now: 5502.
Memory consumption went from 177.4 MB to 177.3 MB.
Total: 4.100500 ms (FindLiveObjects: 0.517300 ms CreateObjectMapping: 0.411800 ms MarkObjects: 3.033600 ms  DeleteObjects: 0.136800 ms)

AssetImportParameters requested are different than current active one (requested -> active):
  custom:video-decoder-ogg-theora: a1e56fd34408186e4bbccfd4996cb3dc -> 
  custom:container-muxer-webm: aa71ff27fc2769a1b78a27578f13a17b -> 
  custom:container-demuxer-webm: 4f35f7cbe854078d1ac9338744f61a02 -> 
  custom:video-encoder-webm-vp8: eb34c28f22e8b96e1ab97ce403110664 -> 
  custom:audio-encoder-webm-vorbis: bf7c407c2cedff20999df2af8eb42d56 -> 
  custom:framework-win-MediaFoundation: 216162199b28c13a410421893ffa2e32 -> 
  custom:container-demuxer-ogg: 62fdf1f143b41e24485cea50d1cbac27 -> 
  custom:video-decoder-webm-vp8: 9c59270c3fd7afecdb556c50c9e8de78 -> 
  custom:audio-decoder-ogg-vorbis: bf7c407c2cedff20999df2af8eb42d56 -> 
========================================================================
Received Prepare
Shader 'Oculus/OVRMRCameraFrameLit': fallback shader 'Alpha-Diffuse' not found
Refreshing native plugins compatible for Editor in 31.96 ms, found 8 plugins.
Preloading 1 native plugins for Editor in 0.20 ms.
Unloading 46 Unused Serialized files (Serialized files now loaded: 0)
Unloading 46 unused Assets / (112.4 KB). Loaded Objects now: 5502.
Memory consumption went from 78.6 MB to 78.5 MB.
Total: 11.253700 ms (FindLiveObjects: 1.210300 ms CreateObjectMapping: 1.296800 ms MarkObjects: 8.421000 ms  DeleteObjects: 0.323000 ms)

AssetImportParameters requested are different than current active one (requested -> active):
  custom:video-decoder-ogg-theora: a1e56fd34408186e4bbccfd4996cb3dc -> 
  custom:container-muxer-webm: aa71ff27fc2769a1b78a27578f13a17b -> 
  custom:container-demuxer-webm: 4f35f7cbe854078d1ac9338744f61a02 -> 
  custom:video-encoder-webm-vp8: eb34c28f22e8b96e1ab97ce403110664 -> 
  custom:audio-encoder-webm-vorbis: bf7c407c2cedff20999df2af8eb42d56 -> 
  custom:framework-win-MediaFoundation: 216162199b28c13a410421893ffa2e32 -> 
  custom:container-demuxer-ogg: 62fdf1f143b41e24485cea50d1cbac27 -> 
  custom:video-decoder-webm-vp8: 9c59270c3fd7afecdb556c50c9e8de78 -> 
  custom:audio-decoder-ogg-vorbis: bf7c407c2cedff20999df2af8eb42d56 -> 
========================================================================
Received Prepare
Shader 'Oculus/OVRMRCameraFrameLit': fallback shader 'Alpha-Diffuse' not found
Refreshing native plugins compatible for Editor in 13.98 ms, found 8 plugins.
Preloading 1 native plugins for Editor in 0.07 ms.
Unloading 46 Unused Serialized files (Serialized files now loaded: 0)
Unloading 46 unused Assets / (112.2 KB). Loaded Objects now: 5502.
Memory consumption went from 77.6 MB to 77.5 MB.
Total: 4.928500 ms (FindLiveObjects: 0.446700 ms CreateObjectMapping: 0.420500 ms MarkObjects: 3.920000 ms  DeleteObjects: 0.140300 ms)

AssetImportParameters requested are different than current active one (requested -> active):
  custom:video-decoder-ogg-theora: a1e56fd34408186e4bbccfd4996cb3dc -> 
  custom:container-muxer-webm: aa71ff27fc2769a1b78a27578f13a17b -> 
  custom:container-demuxer-webm: 4f35f7cbe854078d1ac9338744f61a02 -> 
  custom:video-encoder-webm-vp8: eb34c28f22e8b96e1ab97ce403110664 -> 
  custom:audio-encoder-webm-vorbis: bf7c407c2cedff20999df2af8eb42d56 -> 
  custom:framework-win-MediaFoundation: 216162199b28c13a410421893ffa2e32 -> 
  custom:container-demuxer-ogg: 62fdf1f143b41e24485cea50d1cbac27 -> 
  custom:video-decoder-webm-vp8: 9c59270c3fd7afecdb556c50c9e8de78 -> 
  custom:audio-decoder-ogg-vorbis: bf7c407c2cedff20999df2af8eb42d56 -> 
========================================================================
Received Import Request.
  Time since last request: 2522.057486 seconds.
  path: Assets/3D models/Arialic Hollow SDF.asset
  artifactKey: Guid(289d760f7d6171f459e7642f7a5494ec) Importer(815301076,1909f56bfc062723c751e8b465ee728b)
Start importing Assets/3D models/Arialic Hollow SDF.asset using Guid(289d760f7d6171f459e7642f7a5494ec) Importer(815301076,1909f56bfc062723c751e8b465ee728b)  -> (artifact id: '5ae33b63028823e96926355b0739c5e6') in 0.172169 seconds 
========================================================================
Received Import Request.
  Time since last request: 2933.568181 seconds.
  path: ProjectSettings/TagManager.asset
  artifactKey: Guid(00000000000000003000000000000000) Importer(815301076,1909f56bfc062723c751e8b465ee728b)
Start importing ProjectSettings/TagManager.asset using Guid(00000000000000003000000000000000) Importer(815301076,1909f56bfc062723c751e8b465ee728b)  -> (artifact id: '215e69b4365201b2891ae0ca6de21366') in 0.054977 seconds 
========================================================================
Received Prepare
Shader 'Oculus/OVRMRCameraFrameLit': fallback shader 'Alpha-Diffuse' not found
Refreshing native plugins compatible for Editor in 16.91 ms, found 8 plugins.
Preloading 1 native plugins for Editor in 0.09 ms.
Unloading 46 Unused Serialized files (Serialized files now loaded: 0)
Unloading 47 unused Assets / (112.3 KB). Loaded Objects now: 5503.
Memory consumption went from 77.8 MB to 77.6 MB.
Total: 11.411900 ms (FindLiveObjects: 0.437500 ms CreateObjectMapping: 0.409400 ms MarkObjects: 10.381100 ms  DeleteObjects: 0.182600 ms)

AssetImportParameters requested are different than current active one (requested -> active):
  custom:video-decoder-ogg-theora: a1e56fd34408186e4bbccfd4996cb3dc -> 
  custom:container-muxer-webm: aa71ff27fc2769a1b78a27578f13a17b -> 
  custom:container-demuxer-webm: 4f35f7cbe854078d1ac9338744f61a02 -> 
  custom:video-encoder-webm-vp8: eb34c28f22e8b96e1ab97ce403110664 -> 
  custom:audio-encoder-webm-vorbis: bf7c407c2cedff20999df2af8eb42d56 -> 
  custom:framework-win-MediaFoundation: 216162199b28c13a410421893ffa2e32 -> 
  custom:container-demuxer-ogg: 62fdf1f143b41e24485cea50d1cbac27 -> 
  custom:video-decoder-webm-vp8: 9c59270c3fd7afecdb556c50c9e8de78 -> 
  custom:audio-decoder-ogg-vorbis: bf7c407c2cedff20999df2af8eb42d56 -> 
========================================================================
Received Prepare
Shader 'Oculus/OVRMRCameraFrameLit': fallback shader 'Alpha-Diffuse' not found
Refreshing native plugins compatible for Editor in 12.68 ms, found 8 plugins.
Preloading 1 native plugins for Editor in 0.09 ms.
Unloading 46 Unused Serialized files (Serialized files now loaded: 0)
Unloading 46 unused Assets / (112.4 KB). Loaded Objects now: 5503.
Memory consumption went from 77.7 MB to 77.6 MB.
Total: 5.489000 ms (FindLiveObjects: 0.514300 ms CreateObjectMapping: 0.410600 ms MarkObjects: 4.424400 ms  DeleteObjects: 0.138600 ms)

AssetImportParameters requested are different than current active one (requested -> active):
  custom:video-decoder-ogg-theora: a1e56fd34408186e4bbccfd4996cb3dc -> 
  custom:container-muxer-webm: aa71ff27fc2769a1b78a27578f13a17b -> 
  custom:container-demuxer-webm: 4f35f7cbe854078d1ac9338744f61a02 -> 
  custom:video-encoder-webm-vp8: eb34c28f22e8b96e1ab97ce403110664 -> 
  custom:audio-encoder-webm-vorbis: bf7c407c2cedff20999df2af8eb42d56 -> 
  custom:framework-win-MediaFoundation: 216162199b28c13a410421893ffa2e32 -> 
  custom:container-demuxer-ogg: 62fdf1f143b41e24485cea50d1cbac27 -> 
  custom:video-decoder-webm-vp8: 9c59270c3fd7afecdb556c50c9e8de78 -> 
  custom:audio-decoder-ogg-vorbis: bf7c407c2cedff20999df2af8eb42d56 -> 
========================================================================
Received Prepare
Shader 'Oculus/OVRMRCameraFrameLit': fallback shader 'Alpha-Diffuse' not found
Refreshing native plugins compatible for Editor in 13.33 ms, found 8 plugins.
Preloading 1 native plugins for Editor in 0.08 ms.
Unloading 46 Unused Serialized files (Serialized files now loaded: 0)
Unloading 46 unused Assets / (112.3 KB). Loaded Objects now: 5503.
Memory consumption went from 77.7 MB to 77.6 MB.
Total: 6.683400 ms (FindLiveObjects: 0.560700 ms CreateObjectMapping: 0.452100 ms MarkObjects: 5.520800 ms  DeleteObjects: 0.148700 ms)

AssetImportParameters requested are different than current active one (requested -> active):
  custom:video-decoder-ogg-theora: a1e56fd34408186e4bbccfd4996cb3dc -> 
  custom:container-muxer-webm: aa71ff27fc2769a1b78a27578f13a17b -> 
  custom:container-demuxer-webm: 4f35f7cbe854078d1ac9338744f61a02 -> 
  custom:video-encoder-webm-vp8: eb34c28f22e8b96e1ab97ce403110664 -> 
  custom:audio-encoder-webm-vorbis: bf7c407c2cedff20999df2af8eb42d56 -> 
  custom:framework-win-MediaFoundation: 216162199b28c13a410421893ffa2e32 -> 
  custom:container-demuxer-ogg: 62fdf1f143b41e24485cea50d1cbac27 -> 
  custom:video-decoder-webm-vp8: 9c59270c3fd7afecdb556c50c9e8de78 -> 
  custom:audio-decoder-ogg-vorbis: bf7c407c2cedff20999df2af8eb42d56 -> 
========================================================================
Received Prepare
Shader 'Oculus/OVRMRCameraFrameLit': fallback shader 'Alpha-Diffuse' not found
Refreshing native plugins compatible for Editor in 21.46 ms, found 8 plugins.
Preloading 1 native plugins for Editor in 0.10 ms.
Unloading 46 Unused Serialized files (Serialized files now loaded: 0)
Unloading 46 unused Assets / (112.4 KB). Loaded Objects now: 5503.
Memory consumption went from 77.7 MB to 77.6 MB.
Total: 8.866200 ms (FindLiveObjects: 0.745100 ms CreateObjectMapping: 0.586200 ms MarkObjects: 7.315800 ms  DeleteObjects: 0.217100 ms)

AssetImportParameters requested are different than current active one (requested -> active):
  custom:video-decoder-ogg-theora: a1e56fd34408186e4bbccfd4996cb3dc -> 
  custom:container-muxer-webm: aa71ff27fc2769a1b78a27578f13a17b -> 
  custom:container-demuxer-webm: 4f35f7cbe854078d1ac9338744f61a02 -> 
  custom:video-encoder-webm-vp8: eb34c28f22e8b96e1ab97ce403110664 -> 
  custom:audio-encoder-webm-vorbis: bf7c407c2cedff20999df2af8eb42d56 -> 
  custom:framework-win-MediaFoundation: 216162199b28c13a410421893ffa2e32 -> 
  custom:container-demuxer-ogg: 62fdf1f143b41e24485cea50d1cbac27 -> 
  custom:video-decoder-webm-vp8: 9c59270c3fd7afecdb556c50c9e8de78 -> 
  custom:audio-decoder-ogg-vorbis: bf7c407c2cedff20999df2af8eb42d56 -> 
========================================================================
Received Prepare
Registering precompiled user dll's ...
Registered in 0.008304 seconds.
Begin MonoManager ReloadAssembly
Symbol file LoadedFromMemory doesn't match image C:\Users\jawah\Desktop\GameIN\RabitRoll\Rabbit-Hole-Unity\LorealProject\MiniGame1_LorealProject\Library\PackageCache\com.unity.visualscripting@1.8.0\Editor\VisualScripting.Core\Dependencies\DotNetZip\Unity.VisualScripting.IonicZip.dll
Symbol file LoadedFromMemory doesn't match image C:\Users\jawah\Desktop\GameIN\RabitRoll\Rabbit-Hole-Unity\LorealProject\MiniGame1_LorealProject\Library\PackageCache\com.unity.visualscripting@1.8.0\Editor\VisualScripting.Core\Dependencies\YamlDotNet\Unity.VisualScripting.YamlDotNet.dll
Native extension for UWP target not found
Native extension for WindowsStandalone target not found
Native extension for Android target not found
Native extension for WebGL target not found
Refreshing native plugins compatible for Editor in 1.69 ms, found 8 plugins.
Preloading 1 native plugins for Editor in 0.14 ms.
[Package Manager] Server::EnsureServerProcessIsRunning -- launch failed, reason: Unity was launched with the -noUpm command-line argument
[Package Manager] Cannot connect to Unity Package Manager local server
[Package Manager] Server::EnsureServerProcessIsRunning -- launch failed, reason: Unity was launched with the -noUpm command-line argument
[Package Manager] Cannot connect to Unity Package Manager local server
[Package Manager] Server::EnsureServerProcessIsRunning -- launch failed, reason: Unity was launched with the -noUpm command-line argument
[Package Manager] Cannot connect to Unity Package Manager local server
Mono: successfully reloaded assembly
- Completed reload, in  2.407 seconds
Domain Reload Profiling:
	ReloadAssembly (2409ms)
		BeginReloadAssembly (493ms)
			ExecutionOrderSort (0ms)
			DisableScriptedObjects (12ms)
			BackupInstance (0ms)
			ReleaseScriptingObjects (0ms)
			CreateAndSetChildDomain (225ms)
		EndReloadAssembly (1728ms)
			LoadAssemblies (248ms)
			RebuildTransferFunctionScriptingTraits (0ms)
			SetupTypeCache (649ms)
			ReleaseScriptCaches (2ms)
			RebuildScriptCaches (118ms)
			SetupLoadedEditorAssemblies (663ms)
				LogAssemblyErrors (0ms)
				InitializePlatformSupportModulesInManaged (47ms)
				SetLoadedEditorAssemblies (1ms)
				RefreshPlugins (2ms)
				BeforeProcessingInitializeOnLoad (141ms)
				ProcessInitializeOnLoadAttributes (426ms)
				ProcessInitializeOnLoadMethodAttributes (34ms)
				AfterProcessingInitializeOnLoad (13ms)
				EditorAssembliesLoaded (0ms)
			ExecutionOrderSort2 (0ms)
			AwakeInstancesAfterBackupRestoration (9ms)
Platform modules already initialized, skipping
Shader 'Oculus/OVRMRCameraFrameLit': fallback shader 'Alpha-Diffuse' not found
Refreshing native plugins compatible for Editor in 11.49 ms, found 8 plugins.
Preloading 1 native plugins for Editor in 0.09 ms.
Unloading 4900 Unused Serialized files (Serialized files now loaded: 0)
Unloading 46 unused Assets / (115.0 KB). Loaded Objects now: 5506.
Memory consumption went from 177.5 MB to 177.4 MB.
Total: 6.611300 ms (FindLiveObjects: 0.589600 ms CreateObjectMapping: 0.649600 ms MarkObjects: 4.733100 ms  DeleteObjects: 0.637600 ms)

AssetImportParameters requested are different than current active one (requested -> active):
  custom:video-decoder-ogg-theora: a1e56fd34408186e4bbccfd4996cb3dc -> 
  custom:container-muxer-webm: aa71ff27fc2769a1b78a27578f13a17b -> 
  custom:container-demuxer-webm: 4f35f7cbe854078d1ac9338744f61a02 -> 
  custom:video-encoder-webm-vp8: eb34c28f22e8b96e1ab97ce403110664 -> 
  custom:audio-encoder-webm-vorbis: bf7c407c2cedff20999df2af8eb42d56 -> 
  custom:framework-win-MediaFoundation: 216162199b28c13a410421893ffa2e32 -> 
  custom:container-demuxer-ogg: 62fdf1f143b41e24485cea50d1cbac27 -> 
  custom:video-decoder-webm-vp8: 9c59270c3fd7afecdb556c50c9e8de78 -> 
  custom:audio-decoder-ogg-vorbis: bf7c407c2cedff20999df2af8eb42d56 -> 
========================================================================
Received Prepare
Registering precompiled user dll's ...
Registered in 0.010271 seconds.
Begin MonoManager ReloadAssembly
Symbol file LoadedFromMemory doesn't match image C:\Users\jawah\Desktop\GameIN\RabitRoll\Rabbit-Hole-Unity\LorealProject\MiniGame1_LorealProject\Library\PackageCache\com.unity.visualscripting@1.8.0\Editor\VisualScripting.Core\Dependencies\DotNetZip\Unity.VisualScripting.IonicZip.dll
Symbol file LoadedFromMemory doesn't match image C:\Users\jawah\Desktop\GameIN\RabitRoll\Rabbit-Hole-Unity\LorealProject\MiniGame1_LorealProject\Library\PackageCache\com.unity.visualscripting@1.8.0\Editor\VisualScripting.Core\Dependencies\YamlDotNet\Unity.VisualScripting.YamlDotNet.dll
Native extension for UWP target not found
Native extension for WindowsStandalone target not found
Native extension for Android target not found
Native extension for WebGL target not found
Refreshing native plugins compatible for Editor in 1.10 ms, found 8 plugins.
Preloading 1 native plugins for Editor in 0.09 ms.
[Package Manager] Server::EnsureServerProcessIsRunning -- launch failed, reason: Unity was launched with the -noUpm command-line argument
[Package Manager] Cannot connect to Unity Package Manager local server
[Package Manager] Server::EnsureServerProcessIsRunning -- launch failed, reason: Unity was launched with the -noUpm command-line argument
[Package Manager] Cannot connect to Unity Package Manager local server
[Package Manager] Server::EnsureServerProcessIsRunning -- launch failed, reason: Unity was launched with the -noUpm command-line argument
[Package Manager] Cannot connect to Unity Package Manager local server
Mono: successfully reloaded assembly
- Completed reload, in  1.321 seconds
Domain Reload Profiling:
	ReloadAssembly (1322ms)
		BeginReloadAssembly (261ms)
			ExecutionOrderSort (0ms)
			DisableScriptedObjects (9ms)
			BackupInstance (0ms)
			ReleaseScriptingObjects (0ms)
			CreateAndSetChildDomain (100ms)
		EndReloadAssembly (957ms)
			LoadAssemblies (128ms)
			RebuildTransferFunctionScriptingTraits (0ms)
			SetupTypeCache (328ms)
			ReleaseScriptCaches (1ms)
			RebuildScriptCaches (46ms)
			SetupLoadedEditorAssemblies (424ms)
				LogAssemblyErrors (0ms)
				InitializePlatformSupportModulesInManaged (22ms)
				SetLoadedEditorAssemblies (0ms)
				RefreshPlugins (1ms)
				BeforeProcessingInitializeOnLoad (96ms)
				ProcessInitializeOnLoadAttributes (276ms)
				ProcessInitializeOnLoadMethodAttributes (21ms)
				AfterProcessingInitializeOnLoad (8ms)
				EditorAssembliesLoaded (0ms)
			ExecutionOrderSort2 (0ms)
			AwakeInstancesAfterBackupRestoration (6ms)
Platform modules already initialized, skipping
Shader 'Oculus/OVRMRCameraFrameLit': fallback shader 'Alpha-Diffuse' not found
Refreshing native plugins compatible for Editor in 5.59 ms, found 8 plugins.
Preloading 1 native plugins for Editor in 0.05 ms.
Unloading 4900 Unused Serialized files (Serialized files now loaded: 0)
Unloading 46 unused Assets / (114.9 KB). Loaded Objects now: 5510.
Memory consumption went from 177.5 MB to 177.4 MB.
Total: 4.805200 ms (FindLiveObjects: 0.410500 ms CreateObjectMapping: 0.331800 ms MarkObjects: 3.938900 ms  DeleteObjects: 0.123000 ms)

AssetImportParameters requested are different than current active one (requested -> active):
  custom:video-decoder-ogg-theora: a1e56fd34408186e4bbccfd4996cb3dc -> 
  custom:container-muxer-webm: aa71ff27fc2769a1b78a27578f13a17b -> 
  custom:container-demuxer-webm: 4f35f7cbe854078d1ac9338744f61a02 -> 
  custom:video-encoder-webm-vp8: eb34c28f22e8b96e1ab97ce403110664 -> 
  custom:audio-encoder-webm-vorbis: bf7c407c2cedff20999df2af8eb42d56 -> 
  custom:framework-win-MediaFoundation: 216162199b28c13a410421893ffa2e32 -> 
  custom:container-demuxer-ogg: 62fdf1f143b41e24485cea50d1cbac27 -> 
  custom:video-decoder-webm-vp8: 9c59270c3fd7afecdb556c50c9e8de78 -> 
  custom:audio-decoder-ogg-vorbis: bf7c407c2cedff20999df2af8eb42d56 -> 
========================================================================
Received Prepare
Registering precompiled user dll's ...
Registered in 0.009081 seconds.
Begin MonoManager ReloadAssembly
Symbol file LoadedFromMemory doesn't match image C:\Users\jawah\Desktop\GameIN\RabitRoll\Rabbit-Hole-Unity\LorealProject\MiniGame1_LorealProject\Library\PackageCache\com.unity.visualscripting@1.8.0\Editor\VisualScripting.Core\Dependencies\DotNetZip\Unity.VisualScripting.IonicZip.dll
Symbol file LoadedFromMemory doesn't match image C:\Users\jawah\Desktop\GameIN\RabitRoll\Rabbit-Hole-Unity\LorealProject\MiniGame1_LorealProject\Library\PackageCache\com.unity.visualscripting@1.8.0\Editor\VisualScripting.Core\Dependencies\YamlDotNet\Unity.VisualScripting.YamlDotNet.dll
Native extension for UWP target not found
Native extension for WindowsStandalone target not found
Native extension for Android target not found
Native extension for WebGL target not found
Refreshing native plugins compatible for Editor in 3.28 ms, found 8 plugins.
Preloading 1 native plugins for Editor in 1.14 ms.
[Package Manager] Server::EnsureServerProcessIsRunning -- launch failed, reason: Unity was launched with the -noUpm command-line argument
[Package Manager] Cannot connect to Unity Package Manager local server
[Package Manager] Server::EnsureServerProcessIsRunning -- launch failed, reason: Unity was launched with the -noUpm command-line argument
[Package Manager] Cannot connect to Unity Package Manager local server
[Package Manager] Server::EnsureServerProcessIsRunning -- launch failed, reason: Unity was launched with the -noUpm command-line argument
[Package Manager] Cannot connect to Unity Package Manager local server
Mono: successfully reloaded assembly
- Completed reload, in  2.758 seconds
Domain Reload Profiling:
	ReloadAssembly (2759ms)
		BeginReloadAssembly (272ms)
			ExecutionOrderSort (0ms)
			DisableScriptedObjects (6ms)
			BackupInstance (0ms)
			ReleaseScriptingObjects (0ms)
			CreateAndSetChildDomain (55ms)
		EndReloadAssembly (2222ms)
			LoadAssemblies (267ms)
			RebuildTransferFunctionScriptingTraits (0ms)
			SetupTypeCache (676ms)
			ReleaseScriptCaches (3ms)
			RebuildScriptCaches (93ms)
			SetupLoadedEditorAssemblies (1062ms)
				LogAssemblyErrors (0ms)
				InitializePlatformSupportModulesInManaged (81ms)
				SetLoadedEditorAssemblies (2ms)
				RefreshPlugins (5ms)
				BeforeProcessingInitializeOnLoad (294ms)
				ProcessInitializeOnLoadAttributes (574ms)
				ProcessInitializeOnLoadMethodAttributes (88ms)
				AfterProcessingInitializeOnLoad (18ms)
				EditorAssembliesLoaded (1ms)
			ExecutionOrderSort2 (0ms)
			AwakeInstancesAfterBackupRestoration (12ms)
Platform modules already initialized, skipping
Shader 'Oculus/OVRMRCameraFrameLit': fallback shader 'Alpha-Diffuse' not found
Refreshing native plugins compatible for Editor in 14.30 ms, found 8 plugins.
Preloading 1 native plugins for Editor in 0.17 ms.
Unloading 4900 Unused Serialized files (Serialized files now loaded: 0)
Unloading 46 unused Assets / (107.1 KB). Loaded Objects now: 5514.
Memory consumption went from 177.5 MB to 177.4 MB.
Total: 12.150200 ms (FindLiveObjects: 1.808900 ms CreateObjectMapping: 1.238800 ms MarkObjects: 8.783600 ms  DeleteObjects: 0.317100 ms)

AssetImportParameters requested are different than current active one (requested -> active):
  custom:video-decoder-ogg-theora: a1e56fd34408186e4bbccfd4996cb3dc -> 
  custom:container-muxer-webm: aa71ff27fc2769a1b78a27578f13a17b -> 
  custom:container-demuxer-webm: 4f35f7cbe854078d1ac9338744f61a02 -> 
  custom:video-encoder-webm-vp8: eb34c28f22e8b96e1ab97ce403110664 -> 
  custom:audio-encoder-webm-vorbis: bf7c407c2cedff20999df2af8eb42d56 -> 
  custom:framework-win-MediaFoundation: 216162199b28c13a410421893ffa2e32 -> 
  custom:container-demuxer-ogg: 62fdf1f143b41e24485cea50d1cbac27 -> 
  custom:video-decoder-webm-vp8: 9c59270c3fd7afecdb556c50c9e8de78 -> 
  custom:audio-decoder-ogg-vorbis: bf7c407c2cedff20999df2af8eb42d56 -> 
========================================================================
Received Prepare
Shader 'Oculus/OVRMRCameraFrameLit': fallback shader 'Alpha-Diffuse' not found
Refreshing native plugins compatible for Editor in 85.18 ms, found 8 plugins.
Preloading 1 native plugins for Editor in 0.21 ms.
Unloading 46 Unused Serialized files (Serialized files now loaded: 0)
Unloading 46 unused Assets / (112.3 KB). Loaded Objects now: 5514.
Memory consumption went from 78.7 MB to 78.6 MB.
Total: 14.806200 ms (FindLiveObjects: 0.988200 ms CreateObjectMapping: 1.011900 ms MarkObjects: 12.367100 ms  DeleteObjects: 0.437200 ms)

AssetImportParameters requested are different than current active one (requested -> active):
  custom:video-decoder-ogg-theora: a1e56fd34408186e4bbccfd4996cb3dc -> 
  custom:container-muxer-webm: aa71ff27fc2769a1b78a27578f13a17b -> 
  custom:container-demuxer-webm: 4f35f7cbe854078d1ac9338744f61a02 -> 
  custom:video-encoder-webm-vp8: eb34c28f22e8b96e1ab97ce403110664 -> 
  custom:audio-encoder-webm-vorbis: bf7c407c2cedff20999df2af8eb42d56 -> 
  custom:framework-win-MediaFoundation: 216162199b28c13a410421893ffa2e32 -> 
  custom:container-demuxer-ogg: 62fdf1f143b41e24485cea50d1cbac27 -> 
  custom:video-decoder-webm-vp8: 9c59270c3fd7afecdb556c50c9e8de78 -> 
  custom:audio-decoder-ogg-vorbis: bf7c407c2cedff20999df2af8eb42d56 -> 
========================================================================
Received Prepare
Shader 'Oculus/OVRMRCameraFrameLit': fallback shader 'Alpha-Diffuse' not found
Refreshing native plugins compatible for Editor in 21.38 ms, found 8 plugins.
Preloading 1 native plugins for Editor in 0.13 ms.
Unloading 46 Unused Serialized files (Serialized files now loaded: 0)
Unloading 46 unused Assets / (104.6 KB). Loaded Objects now: 5514.
Memory consumption went from 77.7 MB to 77.6 MB.
Total: 5.574200 ms (FindLiveObjects: 0.534400 ms CreateObjectMapping: 0.459300 ms MarkObjects: 4.379600 ms  DeleteObjects: 0.199700 ms)

AssetImportParameters requested are different than current active one (requested -> active):
  custom:video-decoder-ogg-theora: a1e56fd34408186e4bbccfd4996cb3dc -> 
  custom:container-muxer-webm: aa71ff27fc2769a1b78a27578f13a17b -> 
  custom:container-demuxer-webm: 4f35f7cbe854078d1ac9338744f61a02 -> 
  custom:video-encoder-webm-vp8: eb34c28f22e8b96e1ab97ce403110664 -> 
  custom:audio-encoder-webm-vorbis: bf7c407c2cedff20999df2af8eb42d56 -> 
  custom:framework-win-MediaFoundation: 216162199b28c13a410421893ffa2e32 -> 
  custom:container-demuxer-ogg: 62fdf1f143b41e24485cea50d1cbac27 -> 
  custom:video-decoder-webm-vp8: 9c59270c3fd7afecdb556c50c9e8de78 -> 
  custom:audio-decoder-ogg-vorbis: bf7c407c2cedff20999df2af8eb42d56 -> 
========================================================================
Received Prepare
Shader 'Oculus/OVRMRCameraFrameLit': fallback shader 'Alpha-Diffuse' not found
Refreshing native plugins compatible for Editor in 26.44 ms, found 8 plugins.
Preloading 1 native plugins for Editor in 0.16 ms.
Unloading 46 Unused Serialized files (Serialized files now loaded: 0)
Unloading 46 unused Assets / (112.3 KB). Loaded Objects now: 5514.
Memory consumption went from 77.7 MB to 77.6 MB.
Total: 10.741800 ms (FindLiveObjects: 0.783000 ms CreateObjectMapping: 0.753900 ms MarkObjects: 8.964400 ms  DeleteObjects: 0.238100 ms)

AssetImportParameters requested are different than current active one (requested -> active):
  custom:video-decoder-ogg-theora: a1e56fd34408186e4bbccfd4996cb3dc -> 
  custom:container-muxer-webm: aa71ff27fc2769a1b78a27578f13a17b -> 
  custom:container-demuxer-webm: 4f35f7cbe854078d1ac9338744f61a02 -> 
  custom:video-encoder-webm-vp8: eb34c28f22e8b96e1ab97ce403110664 -> 
  custom:audio-encoder-webm-vorbis: bf7c407c2cedff20999df2af8eb42d56 -> 
  custom:framework-win-MediaFoundation: 216162199b28c13a410421893ffa2e32 -> 
  custom:container-demuxer-ogg: 62fdf1f143b41e24485cea50d1cbac27 -> 
  custom:video-decoder-webm-vp8: 9c59270c3fd7afecdb556c50c9e8de78 -> 
  custom:audio-decoder-ogg-vorbis: bf7c407c2cedff20999df2af8eb42d56 -> 
